{"C:\\Users\\Angela\\Documents\\Comegalletas\\Comegalletas-ProyectoPedagogico\\src\\App.jsx": {"path":"C:\\Users\\Angela\\Documents\\Comegalletas\\Comegalletas-ProyectoPedagogico\\src\\App.jsx","statementMap":{"0":{"start":{"line":13,"column":16},"end":{"line":13,"column":null}},"1":{"start":{"line":14,"column":13},"end":{"line":14,"column":null}},"2":{"start":{"line":15,"column":2},"end":{"line":17,"column":null}},"3":{"start":{"line":15,"column":15},"end":{"line":15,"column":18}},"4":{"start":{"line":16,"column":4},"end":{"line":16,"column":null}},"5":{"start":{"line":18,"column":2},"end":{"line":18,"column":null}},"6":{"start":{"line":23,"column":15},"end":{"line":23,"column":null}},"7":{"start":{"line":24,"column":18},"end":{"line":24,"column":null}},"8":{"start":{"line":25,"column":8},"end":{"line":25,"column":null}},"9":{"start":{"line":27,"column":2},"end":{"line":59,"column":null}},"10":{"start":{"line":28,"column":22},"end":{"line":56,"column":null}},"11":{"start":{"line":29,"column":6},"end":{"line":55,"column":null}},"12":{"start":{"line":30,"column":45},"end":{"line":30,"column":null}},"13":{"start":{"line":32,"column":8},"end":{"line":35,"column":null}},"14":{"start":{"line":33,"column":10},"end":{"line":33,"column":null}},"15":{"start":{"line":34,"column":10},"end":{"line":34,"column":null}},"16":{"start":{"line":38,"column":35},"end":{"line":42,"column":null}},"17":{"start":{"line":44,"column":8},"end":{"line":47,"column":null}},"18":{"start":{"line":45,"column":10},"end":{"line":45,"column":null}},"19":{"start":{"line":46,"column":10},"end":{"line":46,"column":null}},"20":{"start":{"line":49,"column":8},"end":{"line":49,"column":null}},"21":{"start":{"line":51,"column":8},"end":{"line":51,"column":null}},"22":{"start":{"line":52,"column":8},"end":{"line":52,"column":null}},"23":{"start":{"line":54,"column":8},"end":{"line":54,"column":null}},"24":{"start":{"line":58,"column":4},"end":{"line":58,"column":null}},"25":{"start":{"line":61,"column":2},"end":{"line":70,"column":null}},"26":{"start":{"line":62,"column":4},"end":{"line":68,"column":null}},"27":{"start":{"line":72,"column":2},"end":{"line":72,"column":null}},"28":{"start":{"line":76,"column":8},"end":{"line":76,"column":null}},"29":{"start":{"line":78,"column":22},"end":{"line":125,"column":null}},"30":{"start":{"line":79,"column":4},"end":{"line":124,"column":null}},"31":{"start":{"line":80,"column":51},"end":{"line":83,"column":null}},"32":{"start":{"line":85,"column":6},"end":{"line":90,"column":null}},"33":{"start":{"line":86,"column":8},"end":{"line":88,"column":null}},"34":{"start":{"line":87,"column":10},"end":{"line":87,"column":null}},"35":{"start":{"line":89,"column":8},"end":{"line":89,"column":null}},"36":{"start":{"line":92,"column":6},"end":{"line":94,"column":null}},"37":{"start":{"line":93,"column":8},"end":{"line":93,"column":null}},"38":{"start":{"line":97,"column":51},"end":{"line":101,"column":null}},"39":{"start":{"line":103,"column":6},"end":{"line":106,"column":null}},"40":{"start":{"line":104,"column":8},"end":{"line":104,"column":null}},"41":{"start":{"line":105,"column":8},"end":{"line":105,"column":null}},"42":{"start":{"line":108,"column":6},"end":{"line":110,"column":null}},"43":{"start":{"line":109,"column":8},"end":{"line":109,"column":null}},"44":{"start":{"line":112,"column":6},"end":{"line":112,"column":null}},"45":{"start":{"line":115,"column":6},"end":{"line":121,"column":null}},"46":{"start":{"line":116,"column":8},"end":{"line":116,"column":null}},"47":{"start":{"line":117,"column":13},"end":{"line":121,"column":null}},"48":{"start":{"line":118,"column":8},"end":{"line":118,"column":null}},"49":{"start":{"line":120,"column":8},"end":{"line":120,"column":null}},"50":{"start":{"line":123,"column":6},"end":{"line":123,"column":null}},"51":{"start":{"line":127,"column":25},"end":{"line":205,"column":null}},"52":{"start":{"line":128,"column":4},"end":{"line":204,"column":null}},"53":{"start":{"line":129,"column":51},"end":{"line":138,"column":null}},"54":{"start":{"line":140,"column":6},"end":{"line":140,"column":null}},"55":{"start":{"line":140,"column":21},"end":{"line":140,"column":null}},"56":{"start":{"line":142,"column":6},"end":{"line":142,"column":null}},"57":{"start":{"line":145,"column":6},"end":{"line":145,"column":null}},"58":{"start":{"line":145,"column":35},"end":{"line":145,"column":59}},"59":{"start":{"line":148,"column":55},"end":{"line":151,"column":null}},"60":{"start":{"line":153,"column":6},"end":{"line":156,"column":null}},"61":{"start":{"line":154,"column":8},"end":{"line":154,"column":null}},"62":{"start":{"line":155,"column":8},"end":{"line":155,"column":null}},"63":{"start":{"line":158,"column":6},"end":{"line":158,"column":null}},"64":{"start":{"line":161,"column":57},"end":{"line":165,"column":null}},"65":{"start":{"line":167,"column":6},"end":{"line":170,"column":null}},"66":{"start":{"line":168,"column":8},"end":{"line":168,"column":null}},"67":{"start":{"line":169,"column":8},"end":{"line":169,"column":null}},"68":{"start":{"line":172,"column":6},"end":{"line":176,"column":null}},"69":{"start":{"line":173,"column":8},"end":{"line":173,"column":null}},"70":{"start":{"line":174,"column":8},"end":{"line":174,"column":null}},"71":{"start":{"line":175,"column":8},"end":{"line":175,"column":null}},"72":{"start":{"line":178,"column":6},"end":{"line":178,"column":null}},"73":{"start":{"line":181,"column":6},"end":{"line":200,"column":null}},"74":{"start":{"line":182,"column":26},"end":{"line":182,"column":null}},"75":{"start":{"line":183,"column":8},"end":{"line":183,"column":null}},"76":{"start":{"line":185,"column":39},"end":{"line":188,"column":null}},"77":{"start":{"line":190,"column":8},"end":{"line":193,"column":null}},"78":{"start":{"line":191,"column":10},"end":{"line":191,"column":null}},"79":{"start":{"line":194,"column":8},"end":{"line":194,"column":null}},"80":{"start":{"line":195,"column":13},"end":{"line":200,"column":null}},"81":{"start":{"line":197,"column":8},"end":{"line":197,"column":null}},"82":{"start":{"line":199,"column":8},"end":{"line":199,"column":null}},"83":{"start":{"line":202,"column":6},"end":{"line":202,"column":null}},"84":{"start":{"line":203,"column":6},"end":{"line":203,"column":null}},"85":{"start":{"line":207,"column":2},"end":{"line":216,"column":null}},"86":{"start":{"line":221,"column":2},"end":{"line":268,"column":null}}},"fnMap":{"0":{"name":"generateClassCode","decl":{"start":{"line":12,"column":9},"end":{"line":12,"column":29}},"loc":{"start":{"line":12,"column":29},"end":{"line":19,"column":null}},"line":12},"1":{"name":"ProtectedRoute","decl":{"start":{"line":22,"column":9},"end":{"line":22,"column":24}},"loc":{"start":{"line":22,"column":52},"end":{"line":73,"column":null}},"line":22},"2":{"name":"(anonymous_2)","decl":{"start":{"line":27,"column":2},"end":{"line":27,"column":18}},"loc":{"start":{"line":27,"column":18},"end":{"line":59,"column":5}},"line":27},"3":{"name":"(anonymous_3)","decl":{"start":{"line":28,"column":22},"end":{"line":28,"column":34}},"loc":{"start":{"line":28,"column":34},"end":{"line":56,"column":null}},"line":28},"4":{"name":"LoginPage","decl":{"start":{"line":75,"column":9},"end":{"line":75,"column":21}},"loc":{"start":{"line":75,"column":21},"end":{"line":218,"column":null}},"line":75},"5":{"name":"(anonymous_5)","decl":{"start":{"line":78,"column":22},"end":{"line":78,"column":29}},"loc":{"start":{"line":78,"column":38},"end":{"line":125,"column":null}},"line":78},"6":{"name":"(anonymous_6)","decl":{"start":{"line":127,"column":25},"end":{"line":127,"column":32}},"loc":{"start":{"line":127,"column":41},"end":{"line":205,"column":null}},"line":127},"7":{"name":"(anonymous_7)","decl":{"start":{"line":145,"column":16},"end":{"line":145,"column":24}},"loc":{"start":{"line":145,"column":35},"end":{"line":145,"column":59}},"line":145},"8":{"name":"App","decl":{"start":{"line":220,"column":9},"end":{"line":220,"column":15}},"loc":{"start":{"line":220,"column":15},"end":{"line":270,"column":null}},"line":220}},"branchMap":{"0":{"loc":{"start":{"line":32,"column":8},"end":{"line":35,"column":null}},"type":"if","locations":[{"start":{"line":32,"column":8},"end":{"line":35,"column":null}},{"start":{},"end":{}}],"line":32},"1":{"loc":{"start":{"line":44,"column":8},"end":{"line":47,"column":null}},"type":"if","locations":[{"start":{"line":44,"column":8},"end":{"line":47,"column":null}},{"start":{},"end":{}}],"line":44},"2":{"loc":{"start":{"line":44,"column":12},"end":{"line":44,"column":60}},"type":"binary-expr","locations":[{"start":{"line":44,"column":12},"end":{"line":44,"column":28}},{"start":{"line":44,"column":28},"end":{"line":44,"column":60}}],"line":44},"3":{"loc":{"start":{"line":61,"column":2},"end":{"line":70,"column":null}},"type":"if","locations":[{"start":{"line":61,"column":2},"end":{"line":70,"column":null}},{"start":{},"end":{}}],"line":61},"4":{"loc":{"start":{"line":72,"column":9},"end":{"line":72,"column":null}},"type":"cond-expr","locations":[{"start":{"line":72,"column":16},"end":{"line":72,"column":27}},{"start":{"line":72,"column":27},"end":{"line":72,"column":null}}],"line":72},"5":{"loc":{"start":{"line":85,"column":6},"end":{"line":90,"column":null}},"type":"if","locations":[{"start":{"line":85,"column":6},"end":{"line":90,"column":null}},{"start":{},"end":{}}],"line":85},"6":{"loc":{"start":{"line":86,"column":8},"end":{"line":88,"column":null}},"type":"if","locations":[{"start":{"line":86,"column":8},"end":{"line":88,"column":null}},{"start":{},"end":{}}],"line":86},"7":{"loc":{"start":{"line":92,"column":6},"end":{"line":94,"column":null}},"type":"if","locations":[{"start":{"line":92,"column":6},"end":{"line":94,"column":null}},{"start":{},"end":{}}],"line":92},"8":{"loc":{"start":{"line":103,"column":6},"end":{"line":106,"column":null}},"type":"if","locations":[{"start":{"line":103,"column":6},"end":{"line":106,"column":null}},{"start":{},"end":{}}],"line":103},"9":{"loc":{"start":{"line":108,"column":6},"end":{"line":110,"column":null}},"type":"if","locations":[{"start":{"line":108,"column":6},"end":{"line":110,"column":null}},{"start":{},"end":{}}],"line":108},"10":{"loc":{"start":{"line":108,"column":10},"end":{"line":108,"column":38}},"type":"binary-expr","locations":[{"start":{"line":108,"column":10},"end":{"line":108,"column":23}},{"start":{"line":108,"column":23},"end":{"line":108,"column":38}}],"line":108},"11":{"loc":{"start":{"line":115,"column":6},"end":{"line":121,"column":null}},"type":"if","locations":[{"start":{"line":115,"column":6},"end":{"line":121,"column":null}},{"start":{"line":117,"column":13},"end":{"line":121,"column":null}}],"line":115},"12":{"loc":{"start":{"line":117,"column":13},"end":{"line":121,"column":null}},"type":"if","locations":[{"start":{"line":117,"column":13},"end":{"line":121,"column":null}},{"start":{"line":119,"column":13},"end":{"line":121,"column":null}}],"line":117},"13":{"loc":{"start":{"line":123,"column":22},"end":{"line":123,"column":64}},"type":"binary-expr","locations":[{"start":{"line":123,"column":22},"end":{"line":123,"column":39}},{"start":{"line":123,"column":39},"end":{"line":123,"column":64}}],"line":123},"14":{"loc":{"start":{"line":140,"column":6},"end":{"line":140,"column":null}},"type":"if","locations":[{"start":{"line":140,"column":6},"end":{"line":140,"column":null}},{"start":{},"end":{}}],"line":140},"15":{"loc":{"start":{"line":153,"column":6},"end":{"line":156,"column":null}},"type":"if","locations":[{"start":{"line":153,"column":6},"end":{"line":156,"column":null}},{"start":{},"end":{}}],"line":153},"16":{"loc":{"start":{"line":167,"column":6},"end":{"line":170,"column":null}},"type":"if","locations":[{"start":{"line":167,"column":6},"end":{"line":170,"column":null}},{"start":{},"end":{}}],"line":167},"17":{"loc":{"start":{"line":172,"column":6},"end":{"line":176,"column":null}},"type":"if","locations":[{"start":{"line":172,"column":6},"end":{"line":176,"column":null}},{"start":{},"end":{}}],"line":172},"18":{"loc":{"start":{"line":172,"column":10},"end":{"line":172,"column":44}},"type":"binary-expr","locations":[{"start":{"line":172,"column":10},"end":{"line":172,"column":26}},{"start":{"line":172,"column":26},"end":{"line":172,"column":44}}],"line":172},"19":{"loc":{"start":{"line":181,"column":6},"end":{"line":200,"column":null}},"type":"if","locations":[{"start":{"line":181,"column":6},"end":{"line":200,"column":null}},{"start":{"line":195,"column":13},"end":{"line":200,"column":null}}],"line":181},"20":{"loc":{"start":{"line":190,"column":8},"end":{"line":193,"column":null}},"type":"if","locations":[{"start":{"line":190,"column":8},"end":{"line":193,"column":null}},{"start":{},"end":{}}],"line":190},"21":{"loc":{"start":{"line":195,"column":13},"end":{"line":200,"column":null}},"type":"if","locations":[{"start":{"line":195,"column":13},"end":{"line":200,"column":null}},{"start":{"line":198,"column":13},"end":{"line":200,"column":null}}],"line":195},"22":{"loc":{"start":{"line":203,"column":22},"end":{"line":203,"column":61}},"type":"binary-expr","locations":[{"start":{"line":203,"column":22},"end":{"line":203,"column":39}},{"start":{"line":203,"column":39},"end":{"line":203,"column":61}}],"line":203}},"s":{"0":0,"1":0,"2":0,"3":0,"4":0,"5":0,"6":0,"7":0,"8":0,"9":0,"10":0,"11":0,"12":0,"13":0,"14":0,"15":0,"16":0,"17":0,"18":0,"19":0,"20":0,"21":0,"22":0,"23":0,"24":0,"25":0,"26":0,"27":0,"28":0,"29":0,"30":0,"31":0,"32":0,"33":0,"34":0,"35":0,"36":0,"37":0,"38":0,"39":0,"40":0,"41":0,"42":0,"43":0,"44":0,"45":0,"46":0,"47":0,"48":0,"49":0,"50":0,"51":0,"52":0,"53":0,"54":0,"55":0,"56":0,"57":0,"58":0,"59":0,"60":0,"61":0,"62":0,"63":0,"64":0,"65":0,"66":0,"67":0,"68":0,"69":0,"70":0,"71":0,"72":0,"73":0,"74":0,"75":0,"76":0,"77":0,"78":0,"79":0,"80":0,"81":0,"82":0,"83":0,"84":0,"85":0,"86":0},"f":{"0":0,"1":0,"2":0,"3":0,"4":0,"5":0,"6":0,"7":0,"8":0},"b":{"0":[0,0],"1":[0,0],"2":[0,0],"3":[0,0],"4":[0,0],"5":[0,0],"6":[0,0],"7":[0,0],"8":[0,0],"9":[0,0],"10":[0,0],"11":[0,0],"12":[0,0],"13":[0,0],"14":[0,0],"15":[0,0],"16":[0,0],"17":[0,0],"18":[0,0],"19":[0,0],"20":[0,0],"21":[0,0],"22":[0,0]},"meta":{"lastBranch":23,"lastFunction":9,"lastStatement":87,"seen":{"f:12:9:12:29":0,"s:13:16:13:Infinity":0,"s:14:13:14:Infinity":1,"s:15:2:17:Infinity":2,"s:15:15:15:18":3,"s:16:4:16:Infinity":4,"s:18:2:18:Infinity":5,"f:22:9:22:24":1,"s:23:15:23:Infinity":6,"s:24:18:24:Infinity":7,"s:25:8:25:Infinity":8,"s:27:2:59:Infinity":9,"f:27:2:27:18":2,"s:28:22:56:Infinity":10,"f:28:22:28:34":3,"s:29:6:55:Infinity":11,"s:30:45:30:Infinity":12,"b:32:8:35:Infinity:undefined:undefined:undefined:undefined":0,"s:32:8:35:Infinity":13,"s:33:10:33:Infinity":14,"s:34:10:34:Infinity":15,"s:38:35:42:Infinity":16,"b:44:8:47:Infinity:undefined:undefined:undefined:undefined":1,"s:44:8:47:Infinity":17,"b:44:12:44:28:44:28:44:60":2,"s:45:10:45:Infinity":18,"s:46:10:46:Infinity":19,"s:49:8:49:Infinity":20,"s:51:8:51:Infinity":21,"s:52:8:52:Infinity":22,"s:54:8:54:Infinity":23,"s:58:4:58:Infinity":24,"b:61:2:70:Infinity:undefined:undefined:undefined:undefined":3,"s:61:2:70:Infinity":25,"s:62:4:68:Infinity":26,"s:72:2:72:Infinity":27,"b:72:16:72:27:72:27:72:Infinity":4,"f:75:9:75:21":4,"s:76:8:76:Infinity":28,"s:78:22:125:Infinity":29,"f:78:22:78:29":5,"s:79:4:124:Infinity":30,"s:80:51:83:Infinity":31,"b:85:6:90:Infinity:undefined:undefined:undefined:undefined":5,"s:85:6:90:Infinity":32,"b:86:8:88:Infinity:undefined:undefined:undefined:undefined":6,"s:86:8:88:Infinity":33,"s:87:10:87:Infinity":34,"s:89:8:89:Infinity":35,"b:92:6:94:Infinity:undefined:undefined:undefined:undefined":7,"s:92:6:94:Infinity":36,"s:93:8:93:Infinity":37,"s:97:51:101:Infinity":38,"b:103:6:106:Infinity:undefined:undefined:undefined:undefined":8,"s:103:6:106:Infinity":39,"s:104:8:104:Infinity":40,"s:105:8:105:Infinity":41,"b:108:6:110:Infinity:undefined:undefined:undefined:undefined":9,"s:108:6:110:Infinity":42,"b:108:10:108:23:108:23:108:38":10,"s:109:8:109:Infinity":43,"s:112:6:112:Infinity":44,"b:115:6:121:Infinity:117:13:121:Infinity":11,"s:115:6:121:Infinity":45,"s:116:8:116:Infinity":46,"b:117:13:121:Infinity:119:13:121:Infinity":12,"s:117:13:121:Infinity":47,"s:118:8:118:Infinity":48,"s:120:8:120:Infinity":49,"s:123:6:123:Infinity":50,"b:123:22:123:39:123:39:123:64":13,"s:127:25:205:Infinity":51,"f:127:25:127:32":6,"s:128:4:204:Infinity":52,"s:129:51:138:Infinity":53,"b:140:6:140:Infinity:undefined:undefined:undefined:undefined":14,"s:140:6:140:Infinity":54,"s:140:21:140:Infinity":55,"s:142:6:142:Infinity":56,"s:145:6:145:Infinity":57,"f:145:16:145:24":7,"s:145:35:145:59":58,"s:148:55:151:Infinity":59,"b:153:6:156:Infinity:undefined:undefined:undefined:undefined":15,"s:153:6:156:Infinity":60,"s:154:8:154:Infinity":61,"s:155:8:155:Infinity":62,"s:158:6:158:Infinity":63,"s:161:57:165:Infinity":64,"b:167:6:170:Infinity:undefined:undefined:undefined:undefined":16,"s:167:6:170:Infinity":65,"s:168:8:168:Infinity":66,"s:169:8:169:Infinity":67,"b:172:6:176:Infinity:undefined:undefined:undefined:undefined":17,"s:172:6:176:Infinity":68,"b:172:10:172:26:172:26:172:44":18,"s:173:8:173:Infinity":69,"s:174:8:174:Infinity":70,"s:175:8:175:Infinity":71,"s:178:6:178:Infinity":72,"b:181:6:200:Infinity:195:13:200:Infinity":19,"s:181:6:200:Infinity":73,"s:182:26:182:Infinity":74,"s:183:8:183:Infinity":75,"s:185:39:188:Infinity":76,"b:190:8:193:Infinity:undefined:undefined:undefined:undefined":20,"s:190:8:193:Infinity":77,"s:191:10:191:Infinity":78,"s:194:8:194:Infinity":79,"b:195:13:200:Infinity:198:13:200:Infinity":21,"s:195:13:200:Infinity":80,"s:197:8:197:Infinity":81,"s:199:8:199:Infinity":82,"s:202:6:202:Infinity":83,"s:203:6:203:Infinity":84,"b:203:22:203:39:203:39:203:61":22,"s:207:2:216:Infinity":85,"f:220:9:220:15":8,"s:221:2:268:Infinity":86}}}
,"C:\\Users\\Angela\\Documents\\Comegalletas\\Comegalletas-ProyectoPedagogico\\src\\components\\LogoutButton.jsx": {"path":"C:\\Users\\Angela\\Documents\\Comegalletas\\Comegalletas-ProyectoPedagogico\\src\\components\\LogoutButton.jsx","statementMap":{"0":{"start":{"line":6,"column":12},"end":{"line":6,"column":null}},"1":{"start":{"line":7,"column":2},"end":{"line":12,"column":null}},"2":{"start":{"line":8,"column":19},"end":{"line":8,"column":null}},"3":{"start":{"line":9,"column":18},"end":{"line":9,"column":null}},"4":{"start":{"line":10,"column":14},"end":{"line":10,"column":null}},"5":{"start":{"line":11,"column":13},"end":{"line":11,"column":null}},"6":{"start":{"line":16,"column":8},"end":{"line":16,"column":null}},"7":{"start":{"line":17,"column":22},"end":{"line":17,"column":null}},"8":{"start":{"line":18,"column":20},"end":{"line":18,"column":null}},"9":{"start":{"line":19,"column":16},"end":{"line":19,"column":null}},"10":{"start":{"line":21,"column":23},"end":{"line":38,"column":null}},"11":{"start":{"line":22,"column":4},"end":{"line":22,"column":null}},"12":{"start":{"line":23,"column":4},"end":{"line":37,"column":null}},"13":{"start":{"line":24,"column":24},"end":{"line":24,"column":null}},"14":{"start":{"line":25,"column":6},"end":{"line":25,"column":null}},"15":{"start":{"line":25,"column":17},"end":{"line":25,"column":null}},"16":{"start":{"line":27,"column":6},"end":{"line":27,"column":null}},"17":{"start":{"line":28,"column":6},"end":{"line":30,"column":null}},"18":{"start":{"line":29,"column":8},"end":{"line":29,"column":null}},"19":{"start":{"line":32,"column":6},"end":{"line":32,"column":null}},"20":{"start":{"line":33,"column":6},"end":{"line":33,"column":null}},"21":{"start":{"line":33,"column":23},"end":{"line":33,"column":39}},"22":{"start":{"line":35,"column":6},"end":{"line":35,"column":null}},"23":{"start":{"line":36,"column":6},"end":{"line":36,"column":null}},"24":{"start":{"line":40,"column":2},"end":{"line":127,"column":null}},"25":{"start":{"line":43,"column":23},"end":{"line":43,"column":null}},"26":{"start":{"line":77,"column":31},"end":{"line":77,"column":null}}},"fnMap":{"0":{"name":"Icon","decl":{"start":{"line":5,"column":9},"end":{"line":5,"column":14}},"loc":{"start":{"line":5,"column":47},"end":{"line":13,"column":null}},"line":5},"1":{"name":"LogoutButton","decl":{"start":{"line":15,"column":24},"end":{"line":15,"column":39}},"loc":{"start":{"line":15,"column":39},"end":{"line":129,"column":null}},"line":15},"2":{"name":"(anonymous_2)","decl":{"start":{"line":21,"column":23},"end":{"line":21,"column":35}},"loc":{"start":{"line":21,"column":35},"end":{"line":38,"column":null}},"line":21},"3":{"name":"(anonymous_3)","decl":{"start":{"line":28,"column":6},"end":{"line":28,"column":23}},"loc":{"start":{"line":28,"column":23},"end":{"line":30,"column":9}},"line":28},"4":{"name":"(anonymous_4)","decl":{"start":{"line":33,"column":6},"end":{"line":33,"column":23}},"loc":{"start":{"line":33,"column":23},"end":{"line":33,"column":39}},"line":33},"5":{"name":"(anonymous_5)","decl":{"start":{"line":43,"column":8},"end":{"line":43,"column":23}},"loc":{"start":{"line":43,"column":23},"end":{"line":43,"column":null}},"line":43},"6":{"name":"(anonymous_6)","decl":{"start":{"line":77,"column":16},"end":{"line":77,"column":31}},"loc":{"start":{"line":77,"column":31},"end":{"line":77,"column":null}},"line":77}},"branchMap":{"0":{"loc":{"start":{"line":5,"column":22},"end":{"line":5,"column":47}},"type":"default-arg","locations":[{"start":{"line":5,"column":34},"end":{"line":5,"column":47}}],"line":5},"1":{"loc":{"start":{"line":7,"column":2},"end":{"line":12,"column":null}},"type":"switch","locations":[{"start":{"line":8,"column":4},"end":{"line":8,"column":null}},{"start":{"line":9,"column":4},"end":{"line":9,"column":null}},{"start":{"line":10,"column":4},"end":{"line":10,"column":null}},{"start":{"line":11,"column":4},"end":{"line":11,"column":null}}],"line":7},"2":{"loc":{"start":{"line":25,"column":6},"end":{"line":25,"column":null}},"type":"if","locations":[{"start":{"line":25,"column":6},"end":{"line":25,"column":null}},{"start":{},"end":{}}],"line":25},"3":{"loc":{"start":{"line":56,"column":7},"end":{"line":104,"column":null}},"type":"binary-expr","locations":[{"start":{"line":56,"column":7},"end":{"line":56,"column":null}},{"start":{"line":57,"column":8},"end":{"line":104,"column":null}}],"line":56},"4":{"loc":{"start":{"line":100,"column":17},"end":{"line":100,"column":null}},"type":"cond-expr","locations":[{"start":{"line":100,"column":29},"end":{"line":100,"column":45}},{"start":{"line":100,"column":45},"end":{"line":100,"column":null}}],"line":100},"5":{"loc":{"start":{"line":108,"column":7},"end":{"line":125,"column":null}},"type":"binary-expr","locations":[{"start":{"line":108,"column":7},"end":{"line":108,"column":null}},{"start":{"line":109,"column":8},"end":{"line":125,"column":null}}],"line":108}},"s":{"0":0,"1":0,"2":0,"3":0,"4":0,"5":0,"6":0,"7":0,"8":0,"9":0,"10":0,"11":0,"12":0,"13":0,"14":0,"15":0,"16":0,"17":0,"18":0,"19":0,"20":0,"21":0,"22":0,"23":0,"24":0,"25":0,"26":0},"f":{"0":0,"1":0,"2":0,"3":0,"4":0,"5":0,"6":0},"b":{"0":[0],"1":[0,0,0,0],"2":[0,0],"3":[0,0],"4":[0,0],"5":[0,0]},"meta":{"lastBranch":6,"lastFunction":7,"lastStatement":27,"seen":{"f:5:9:5:14":0,"b:5:34:5:47":0,"s:6:12:6:Infinity":0,"b:8:4:8:Infinity:9:4:9:Infinity:10:4:10:Infinity:11:4:11:Infinity":1,"s:7:2:12:Infinity":1,"s:8:19:8:Infinity":2,"s:9:18:9:Infinity":3,"s:10:14:10:Infinity":4,"s:11:13:11:Infinity":5,"f:15:24:15:39":1,"s:16:8:16:Infinity":6,"s:17:22:17:Infinity":7,"s:18:20:18:Infinity":8,"s:19:16:19:Infinity":9,"s:21:23:38:Infinity":10,"f:21:23:21:35":2,"s:22:4:22:Infinity":11,"s:23:4:37:Infinity":12,"s:24:24:24:Infinity":13,"b:25:6:25:Infinity:undefined:undefined:undefined:undefined":2,"s:25:6:25:Infinity":14,"s:25:17:25:Infinity":15,"s:27:6:27:Infinity":16,"s:28:6:30:Infinity":17,"f:28:6:28:23":3,"s:29:8:29:Infinity":18,"s:32:6:32:Infinity":19,"s:33:6:33:Infinity":20,"f:33:6:33:23":4,"s:33:23:33:39":21,"s:35:6:35:Infinity":22,"s:36:6:36:Infinity":23,"s:40:2:127:Infinity":24,"f:43:8:43:23":5,"s:43:23:43:Infinity":25,"b:56:7:56:Infinity:57:8:104:Infinity":3,"f:77:16:77:31":6,"s:77:31:77:Infinity":26,"b:100:29:100:45:100:45:100:Infinity":4,"b:108:7:108:Infinity:109:8:125:Infinity":5}}}
,"C:\\Users\\Angela\\Documents\\Comegalletas\\Comegalletas-ProyectoPedagogico\\src\\components\\Auth\\IslaEducativaLogin.jsx": {"path":"C:\\Users\\Angela\\Documents\\Comegalletas\\Comegalletas-ProyectoPedagogico\\src\\components\\Auth\\IslaEducativaLogin.jsx","statementMap":{"0":{"start":{"line":5,"column":23},"end":{"line":5,"column":null}},"1":{"start":{"line":18,"column":12},"end":{"line":18,"column":null}},"2":{"start":{"line":19,"column":2},"end":{"line":34,"column":null}},"3":{"start":{"line":20,"column":18},"end":{"line":20,"column":null}},"4":{"start":{"line":21,"column":18},"end":{"line":21,"column":null}},"5":{"start":{"line":22,"column":18},"end":{"line":22,"column":null}},"6":{"start":{"line":23,"column":20},"end":{"line":23,"column":null}},"7":{"start":{"line":24,"column":18},"end":{"line":24,"column":null}},"8":{"start":{"line":25,"column":18},"end":{"line":25,"column":null}},"9":{"start":{"line":26,"column":18},"end":{"line":26,"column":null}},"10":{"start":{"line":27,"column":19},"end":{"line":27,"column":null}},"11":{"start":{"line":28,"column":20},"end":{"line":28,"column":null}},"12":{"start":{"line":29,"column":20},"end":{"line":29,"column":null}},"13":{"start":{"line":30,"column":18},"end":{"line":30,"column":null}},"14":{"start":{"line":31,"column":18},"end":{"line":31,"column":null}},"15":{"start":{"line":32,"column":23},"end":{"line":32,"column":null}},"16":{"start":{"line":33,"column":13},"end":{"line":33,"column":null}},"17":{"start":{"line":39,"column":2},"end":{"line":196,"column":null}},"18":{"start":{"line":67,"column":12},"end":{"line":69,"column":null}},"19":{"start":{"line":135,"column":14},"end":{"line":135,"column":null}},"20":{"start":{"line":156,"column":14},"end":{"line":156,"column":null}},"21":{"start":{"line":172,"column":14},"end":{"line":172,"column":null}},"22":{"start":{"line":202,"column":17},"end":{"line":202,"column":null}},"23":{"start":{"line":203,"column":15},"end":{"line":203,"column":null}},"24":{"start":{"line":204,"column":2},"end":{"line":244,"column":null}},"25":{"start":{"line":216,"column":27},"end":{"line":216,"column":null}},"26":{"start":{"line":231,"column":27},"end":{"line":231,"column":null}},"27":{"start":{"line":231,"column":44},"end":{"line":231,"column":46}},"28":{"start":{"line":250,"column":2},"end":{"line":250,"column":null}},"29":{"start":{"line":250,"column":11},"end":{"line":250,"column":null}},"30":{"start":{"line":251,"column":2},"end":{"line":251,"column":null}},"31":{"start":{"line":251,"column":21},"end":{"line":251,"column":null}},"32":{"start":{"line":252,"column":2},"end":{"line":252,"column":null}},"33":{"start":{"line":252,"column":25},"end":{"line":252,"column":null}},"34":{"start":{"line":253,"column":2},"end":{"line":253,"column":null}},"35":{"start":{"line":253,"column":57},"end":{"line":253,"column":null}},"36":{"start":{"line":254,"column":2},"end":{"line":254,"column":null}},"37":{"start":{"line":259,"column":15},"end":{"line":259,"column":null}},"38":{"start":{"line":260,"column":16},"end":{"line":260,"column":null}},"39":{"start":{"line":261,"column":19},"end":{"line":261,"column":null}},"40":{"start":{"line":262,"column":19},"end":{"line":262,"column":null}},"41":{"start":{"line":263,"column":18},"end":{"line":263,"column":null}},"42":{"start":{"line":264,"column":16},"end":{"line":264,"column":null}},"43":{"start":{"line":265,"column":20},"end":{"line":265,"column":null}},"44":{"start":{"line":266,"column":16},"end":{"line":266,"column":null}},"45":{"start":{"line":267,"column":18},"end":{"line":267,"column":null}},"46":{"start":{"line":268,"column":17},"end":{"line":268,"column":null}},"47":{"start":{"line":271,"column":31},"end":{"line":354,"column":null}},"48":{"start":{"line":272,"column":4},"end":{"line":272,"column":null}},"49":{"start":{"line":273,"column":4},"end":{"line":273,"column":null}},"50":{"start":{"line":275,"column":4},"end":{"line":278,"column":null}},"51":{"start":{"line":276,"column":6},"end":{"line":276,"column":null}},"52":{"start":{"line":277,"column":6},"end":{"line":277,"column":null}},"53":{"start":{"line":279,"column":4},"end":{"line":282,"column":null}},"54":{"start":{"line":280,"column":6},"end":{"line":280,"column":null}},"55":{"start":{"line":281,"column":6},"end":{"line":281,"column":null}},"56":{"start":{"line":283,"column":4},"end":{"line":286,"column":null}},"57":{"start":{"line":284,"column":6},"end":{"line":284,"column":null}},"58":{"start":{"line":285,"column":6},"end":{"line":285,"column":null}},"59":{"start":{"line":288,"column":4},"end":{"line":353,"column":null}},"60":{"start":{"line":289,"column":6},"end":{"line":289,"column":null}},"61":{"start":{"line":290,"column":6},"end":{"line":290,"column":null}},"62":{"start":{"line":291,"column":6},"end":{"line":291,"column":null}},"63":{"start":{"line":292,"column":6},"end":{"line":292,"column":null}},"64":{"start":{"line":295,"column":6},"end":{"line":295,"column":null}},"65":{"start":{"line":296,"column":50},"end":{"line":298,"column":null}},"66":{"start":{"line":300,"column":6},"end":{"line":305,"column":null}},"67":{"start":{"line":301,"column":8},"end":{"line":301,"column":null}},"68":{"start":{"line":302,"column":8},"end":{"line":304,"column":null}},"69":{"start":{"line":303,"column":10},"end":{"line":303,"column":null}},"70":{"start":{"line":308,"column":42},"end":{"line":313,"column":null}},"71":{"start":{"line":315,"column":6},"end":{"line":315,"column":null}},"72":{"start":{"line":316,"column":6},"end":{"line":316,"column":null}},"73":{"start":{"line":317,"column":6},"end":{"line":317,"column":null}},"74":{"start":{"line":319,"column":6},"end":{"line":333,"column":null}},"75":{"start":{"line":320,"column":8},"end":{"line":320,"column":null}},"76":{"start":{"line":321,"column":8},"end":{"line":321,"column":null}},"77":{"start":{"line":322,"column":8},"end":{"line":322,"column":null}},"78":{"start":{"line":325,"column":8},"end":{"line":331,"column":null}},"79":{"start":{"line":326,"column":10},"end":{"line":326,"column":null}},"80":{"start":{"line":327,"column":15},"end":{"line":331,"column":null}},"81":{"start":{"line":328,"column":10},"end":{"line":328,"column":null}},"82":{"start":{"line":330,"column":10},"end":{"line":330,"column":null}},"83":{"start":{"line":332,"column":8},"end":{"line":332,"column":null}},"84":{"start":{"line":335,"column":6},"end":{"line":339,"column":null}},"85":{"start":{"line":336,"column":8},"end":{"line":336,"column":null}},"86":{"start":{"line":337,"column":8},"end":{"line":337,"column":null}},"87":{"start":{"line":338,"column":8},"end":{"line":338,"column":null}},"88":{"start":{"line":341,"column":6},"end":{"line":341,"column":null}},"89":{"start":{"line":344,"column":18},"end":{"line":344,"column":null}},"90":{"start":{"line":345,"column":6},"end":{"line":345,"column":null}},"91":{"start":{"line":347,"column":6},"end":{"line":347,"column":null}},"92":{"start":{"line":348,"column":6},"end":{"line":348,"column":null}},"93":{"start":{"line":349,"column":6},"end":{"line":349,"column":null}},"94":{"start":{"line":351,"column":6},"end":{"line":351,"column":null}},"95":{"start":{"line":352,"column":6},"end":{"line":352,"column":null}},"96":{"start":{"line":357,"column":31},"end":{"line":417,"column":null}},"97":{"start":{"line":358,"column":4},"end":{"line":358,"column":null}},"98":{"start":{"line":360,"column":4},"end":{"line":363,"column":null}},"99":{"start":{"line":361,"column":6},"end":{"line":361,"column":null}},"100":{"start":{"line":362,"column":6},"end":{"line":362,"column":null}},"101":{"start":{"line":365,"column":4},"end":{"line":368,"column":null}},"102":{"start":{"line":366,"column":6},"end":{"line":366,"column":null}},"103":{"start":{"line":367,"column":6},"end":{"line":367,"column":null}},"104":{"start":{"line":370,"column":4},"end":{"line":373,"column":null}},"105":{"start":{"line":371,"column":6},"end":{"line":371,"column":null}},"106":{"start":{"line":372,"column":6},"end":{"line":372,"column":null}},"107":{"start":{"line":375,"column":20},"end":{"line":375,"column":null}},"108":{"start":{"line":376,"column":4},"end":{"line":379,"column":null}},"109":{"start":{"line":377,"column":6},"end":{"line":377,"column":null}},"110":{"start":{"line":378,"column":6},"end":{"line":378,"column":null}},"111":{"start":{"line":381,"column":4},"end":{"line":384,"column":null}},"112":{"start":{"line":382,"column":6},"end":{"line":382,"column":null}},"113":{"start":{"line":383,"column":6},"end":{"line":383,"column":null}},"114":{"start":{"line":386,"column":4},"end":{"line":416,"column":null}},"115":{"start":{"line":387,"column":6},"end":{"line":387,"column":null}},"116":{"start":{"line":390,"column":23},"end":{"line":400,"column":null}},"117":{"start":{"line":402,"column":21},"end":{"line":402,"column":null}},"118":{"start":{"line":404,"column":6},"end":{"line":408,"column":null}},"119":{"start":{"line":405,"column":8},"end":{"line":405,"column":null}},"120":{"start":{"line":406,"column":8},"end":{"line":406,"column":null}},"121":{"start":{"line":407,"column":8},"end":{"line":407,"column":null}},"122":{"start":{"line":410,"column":6},"end":{"line":410,"column":null}},"123":{"start":{"line":411,"column":6},"end":{"line":411,"column":null}},"124":{"start":{"line":412,"column":6},"end":{"line":412,"column":null}},"125":{"start":{"line":412,"column":23},"end":{"line":412,"column":36}},"126":{"start":{"line":414,"column":6},"end":{"line":414,"column":null}},"127":{"start":{"line":415,"column":6},"end":{"line":415,"column":null}},"128":{"start":{"line":419,"column":2},"end":{"line":429,"column":null}},"129":{"start":{"line":420,"column":4},"end":{"line":427,"column":null}},"130":{"start":{"line":431,"column":2},"end":{"line":551,"column":null}},"131":{"start":{"line":533,"column":35},"end":{"line":533,"column":47}},"132":{"start":{"line":533,"column":47},"end":{"line":533,"column":61}},"133":{"start":{"line":533,"column":61},"end":{"line":533,"column":75}},"134":{"start":{"line":533,"column":75},"end":{"line":533,"column":93}},"135":{"start":{"line":557,"column":17},"end":{"line":557,"column":null}},"136":{"start":{"line":558,"column":16},"end":{"line":558,"column":null}},"137":{"start":{"line":559,"column":13},"end":{"line":559,"column":null}},"138":{"start":{"line":560,"column":19},"end":{"line":560,"column":null}},"139":{"start":{"line":561,"column":15},"end":{"line":561,"column":null}},"140":{"start":{"line":562,"column":26},"end":{"line":562,"column":null}},"141":{"start":{"line":563,"column":24},"end":{"line":563,"column":null}},"142":{"start":{"line":565,"column":8},"end":{"line":574,"column":null}},"143":{"start":{"line":566,"column":4},"end":{"line":566,"column":null}},"144":{"start":{"line":567,"column":17},"end":{"line":567,"column":null}},"145":{"start":{"line":568,"column":4},"end":{"line":569,"column":null}},"146":{"start":{"line":568,"column":16},"end":{"line":568,"column":null}},"147":{"start":{"line":569,"column":9},"end":{"line":569,"column":null}},"148":{"start":{"line":569,"column":56},"end":{"line":569,"column":null}},"149":{"start":{"line":570,"column":4},"end":{"line":571,"column":null}},"150":{"start":{"line":570,"column":13},"end":{"line":570,"column":null}},"151":{"start":{"line":571,"column":9},"end":{"line":571,"column":null}},"152":{"start":{"line":571,"column":28},"end":{"line":571,"column":null}},"153":{"start":{"line":572,"column":4},"end":{"line":572,"column":null}},"154":{"start":{"line":573,"column":4},"end":{"line":573,"column":null}},"155":{"start":{"line":573,"column":35},"end":{"line":573,"column":null}},"156":{"start":{"line":576,"column":31},"end":{"line":592,"column":null}},"157":{"start":{"line":577,"column":4},"end":{"line":577,"column":null}},"158":{"start":{"line":578,"column":4},"end":{"line":591,"column":null}},"159":{"start":{"line":579,"column":6},"end":{"line":579,"column":null}},"160":{"start":{"line":580,"column":24},"end":{"line":580,"column":null}},"161":{"start":{"line":581,"column":6},"end":{"line":584,"column":null}},"162":{"start":{"line":582,"column":8},"end":{"line":582,"column":null}},"163":{"start":{"line":583,"column":8},"end":{"line":583,"column":null}},"164":{"start":{"line":585,"column":6},"end":{"line":585,"column":null}},"165":{"start":{"line":587,"column":6},"end":{"line":587,"column":null}},"166":{"start":{"line":588,"column":6},"end":{"line":588,"column":null}},"167":{"start":{"line":590,"column":6},"end":{"line":590,"column":null}},"168":{"start":{"line":594,"column":2},"end":{"line":676,"column":null}},"169":{"start":{"line":599,"column":27},"end":{"line":599,"column":40}},"170":{"start":{"line":599,"column":40},"end":{"line":599,"column":96}},"171":{"start":{"line":599,"column":56},"end":{"line":599,"column":96}},"172":{"start":{"line":606,"column":27},"end":{"line":606,"column":37}},"173":{"start":{"line":606,"column":37},"end":{"line":606,"column":87}},"174":{"start":{"line":606,"column":50},"end":{"line":606,"column":87}},"175":{"start":{"line":614,"column":64},"end":{"line":614,"column":null}},"176":{"start":{"line":626,"column":25},"end":{"line":626,"column":null}},"177":{"start":{"line":635,"column":25},"end":{"line":635,"column":null}},"178":{"start":{"line":682,"column":17},"end":{"line":682,"column":null}},"179":{"start":{"line":683,"column":17},"end":{"line":683,"column":null}},"180":{"start":{"line":684,"column":19},"end":{"line":684,"column":null}},"181":{"start":{"line":685,"column":16},"end":{"line":685,"column":null}},"182":{"start":{"line":686,"column":13},"end":{"line":686,"column":null}},"183":{"start":{"line":687,"column":14},"end":{"line":687,"column":null}},"184":{"start":{"line":688,"column":15},"end":{"line":688,"column":null}},"185":{"start":{"line":689,"column":17},"end":{"line":689,"column":null}},"186":{"start":{"line":690,"column":15},"end":{"line":690,"column":null}},"187":{"start":{"line":692,"column":8},"end":{"line":697,"column":null}},"188":{"start":{"line":693,"column":4},"end":{"line":693,"column":null}},"189":{"start":{"line":693,"column":29},"end":{"line":693,"column":null}},"190":{"start":{"line":694,"column":4},"end":{"line":694,"column":null}},"191":{"start":{"line":694,"column":33},"end":{"line":694,"column":null}},"192":{"start":{"line":695,"column":4},"end":{"line":695,"column":null}},"193":{"start":{"line":695,"column":38},"end":{"line":695,"column":null}},"194":{"start":{"line":696,"column":4},"end":{"line":696,"column":null}},"195":{"start":{"line":699,"column":8},"end":{"line":715,"column":null}},"196":{"start":{"line":700,"column":4},"end":{"line":700,"column":null}},"197":{"start":{"line":701,"column":14},"end":{"line":701,"column":null}},"198":{"start":{"line":702,"column":4},"end":{"line":702,"column":null}},"199":{"start":{"line":702,"column":17},"end":{"line":702,"column":null}},"200":{"start":{"line":704,"column":4},"end":{"line":705,"column":null}},"201":{"start":{"line":704,"column":16},"end":{"line":704,"column":null}},"202":{"start":{"line":705,"column":9},"end":{"line":705,"column":null}},"203":{"start":{"line":705,"column":56},"end":{"line":705,"column":null}},"204":{"start":{"line":706,"column":4},"end":{"line":710,"column":null}},"205":{"start":{"line":706,"column":13},"end":{"line":706,"column":null}},"206":{"start":{"line":708,"column":20},"end":{"line":708,"column":null}},"207":{"start":{"line":709,"column":6},"end":{"line":709,"column":null}},"208":{"start":{"line":709,"column":17},"end":{"line":709,"column":null}},"209":{"start":{"line":711,"column":4},"end":{"line":711,"column":null}},"210":{"start":{"line":711,"column":20},"end":{"line":711,"column":null}},"211":{"start":{"line":712,"column":4},"end":{"line":712,"column":null}},"212":{"start":{"line":712,"column":17},"end":{"line":712,"column":null}},"213":{"start":{"line":713,"column":4},"end":{"line":713,"column":null}},"214":{"start":{"line":714,"column":4},"end":{"line":714,"column":null}},"215":{"start":{"line":714,"column":32},"end":{"line":714,"column":null}},"216":{"start":{"line":717,"column":2},"end":{"line":790,"column":null}},"217":{"start":{"line":728,"column":29},"end":{"line":728,"column":43}},"218":{"start":{"line":728,"column":43},"end":{"line":728,"column":101}},"219":{"start":{"line":728,"column":60},"end":{"line":728,"column":101}},"220":{"start":{"line":731,"column":29},"end":{"line":731,"column":45}},"221":{"start":{"line":731,"column":45},"end":{"line":731,"column":107}},"222":{"start":{"line":731,"column":64},"end":{"line":731,"column":107}},"223":{"start":{"line":736,"column":27},"end":{"line":736,"column":40}},"224":{"start":{"line":736,"column":40},"end":{"line":736,"column":96}},"225":{"start":{"line":736,"column":56},"end":{"line":736,"column":96}},"226":{"start":{"line":741,"column":29},"end":{"line":741,"column":39}},"227":{"start":{"line":741,"column":39},"end":{"line":741,"column":89}},"228":{"start":{"line":741,"column":52},"end":{"line":741,"column":89}},"229":{"start":{"line":744,"column":29},"end":{"line":744,"column":40}},"230":{"start":{"line":744,"column":40},"end":{"line":744,"column":92}},"231":{"start":{"line":744,"column":54},"end":{"line":744,"column":92}},"232":{"start":{"line":750,"column":27},"end":{"line":750,"column":null}},"233":{"start":{"line":757,"column":29},"end":{"line":757,"column":58}},"234":{"start":{"line":757,"column":58},"end":{"line":757,"column":116}},"235":{"start":{"line":757,"column":75},"end":{"line":757,"column":116}},"236":{"start":{"line":804,"column":15},"end":{"line":804,"column":null}},"237":{"start":{"line":805,"column":15},"end":{"line":805,"column":null}},"238":{"start":{"line":806,"column":16},"end":{"line":806,"column":null}},"239":{"start":{"line":807,"column":20},"end":{"line":807,"column":null}},"240":{"start":{"line":808,"column":17},"end":{"line":808,"column":null}},"241":{"start":{"line":810,"column":22},"end":{"line":822,"column":null}},"242":{"start":{"line":811,"column":4},"end":{"line":811,"column":null}},"243":{"start":{"line":812,"column":4},"end":{"line":821,"column":null}},"244":{"start":{"line":813,"column":6},"end":{"line":813,"column":null}},"245":{"start":{"line":814,"column":6},"end":{"line":814,"column":null}},"246":{"start":{"line":815,"column":6},"end":{"line":815,"column":null}},"247":{"start":{"line":815,"column":23},"end":{"line":815,"column":39}},"248":{"start":{"line":817,"column":6},"end":{"line":817,"column":null}},"249":{"start":{"line":818,"column":6},"end":{"line":818,"column":null}},"250":{"start":{"line":818,"column":23},"end":{"line":818,"column":39}},"251":{"start":{"line":820,"column":6},"end":{"line":820,"column":null}},"252":{"start":{"line":824,"column":25},"end":{"line":837,"column":null}},"253":{"start":{"line":825,"column":4},"end":{"line":825,"column":null}},"254":{"start":{"line":826,"column":4},"end":{"line":836,"column":null}},"255":{"start":{"line":827,"column":6},"end":{"line":827,"column":null}},"256":{"start":{"line":828,"column":6},"end":{"line":828,"column":null}},"257":{"start":{"line":830,"column":6},"end":{"line":830,"column":null}},"258":{"start":{"line":830,"column":23},"end":{"line":830,"column":39}},"259":{"start":{"line":832,"column":6},"end":{"line":832,"column":null}},"260":{"start":{"line":833,"column":6},"end":{"line":833,"column":null}},"261":{"start":{"line":833,"column":23},"end":{"line":833,"column":39}},"262":{"start":{"line":835,"column":6},"end":{"line":835,"column":null}},"263":{"start":{"line":839,"column":27},"end":{"line":839,"column":null}},"264":{"start":{"line":840,"column":17},"end":{"line":840,"column":null}},"265":{"start":{"line":842,"column":2},"end":{"line":929,"column":null}},"266":{"start":{"line":897,"column":29},"end":{"line":897,"column":null}},"267":{"start":{"line":903,"column":29},"end":{"line":903,"column":null}},"268":{"start":{"line":909,"column":78},"end":{"line":909,"column":110}},"269":{"start":{"line":911,"column":52},"end":{"line":911,"column":70}},"270":{"start":{"line":935,"column":24},"end":{"line":939,"column":null}},"271":{"start":{"line":941,"column":26},"end":{"line":941,"column":null}},"272":{"start":{"line":943,"column":2},"end":{"line":953,"column":null}},"273":{"start":{"line":958,"column":2},"end":{"line":965,"column":null}}},"fnMap":{"0":{"name":"Icon","decl":{"start":{"line":17,"column":9},"end":{"line":17,"column":14}},"loc":{"start":{"line":17,"column":66},"end":{"line":35,"column":null}},"line":17},"1":{"name":"TropicalScene","decl":{"start":{"line":38,"column":9},"end":{"line":38,"column":25}},"loc":{"start":{"line":38,"column":25},"end":{"line":198,"column":null}},"line":38},"2":{"name":"(anonymous_2)","decl":{"start":{"line":66,"column":41},"end":{"line":66,"column":46}},"loc":{"start":{"line":67,"column":12},"end":{"line":69,"column":null}},"line":67},"3":{"name":"(anonymous_3)","decl":{"start":{"line":134,"column":14},"end":{"line":134,"column":19}},"loc":{"start":{"line":135,"column":14},"end":{"line":135,"column":null}},"line":135},"4":{"name":"(anonymous_4)","decl":{"start":{"line":155,"column":14},"end":{"line":155,"column":19}},"loc":{"start":{"line":156,"column":14},"end":{"line":156,"column":null}},"line":156},"5":{"name":"(anonymous_5)","decl":{"start":{"line":171,"column":14},"end":{"line":171,"column":19}},"loc":{"start":{"line":172,"column":14},"end":{"line":172,"column":null}},"line":172},"6":{"name":"TextField","decl":{"start":{"line":201,"column":9},"end":{"line":201,"column":19}},"loc":{"start":{"line":201,"column":102},"end":{"line":246,"column":null}},"line":201},"7":{"name":"(anonymous_7)","decl":{"start":{"line":216,"column":10},"end":{"line":216,"column":21}},"loc":{"start":{"line":216,"column":27},"end":{"line":216,"column":null}},"line":216},"8":{"name":"(anonymous_8)","decl":{"start":{"line":231,"column":12},"end":{"line":231,"column":27}},"loc":{"start":{"line":231,"column":27},"end":{"line":231,"column":null}},"line":231},"9":{"name":"(anonymous_9)","decl":{"start":{"line":231,"column":27},"end":{"line":231,"column":38}},"loc":{"start":{"line":231,"column":44},"end":{"line":231,"column":46}},"line":231},"10":{"name":"validatePassword","decl":{"start":{"line":249,"column":9},"end":{"line":249,"column":26}},"loc":{"start":{"line":249,"column":30},"end":{"line":255,"column":null}},"line":249},"11":{"name":"ForgotPasswordModal","decl":{"start":{"line":258,"column":9},"end":{"line":258,"column":29}},"loc":{"start":{"line":258,"column":63},"end":{"line":553,"column":null}},"line":258},"12":{"name":"(anonymous_12)","decl":{"start":{"line":271,"column":31},"end":{"line":271,"column":43}},"loc":{"start":{"line":271,"column":43},"end":{"line":354,"column":null}},"line":271},"13":{"name":"(anonymous_13)","decl":{"start":{"line":302,"column":17},"end":{"line":302,"column":25}},"loc":{"start":{"line":302,"column":30},"end":{"line":304,"column":9}},"line":302},"14":{"name":"(anonymous_14)","decl":{"start":{"line":357,"column":31},"end":{"line":357,"column":43}},"loc":{"start":{"line":357,"column":43},"end":{"line":417,"column":null}},"line":357},"15":{"name":"(anonymous_15)","decl":{"start":{"line":412,"column":6},"end":{"line":412,"column":23}},"loc":{"start":{"line":412,"column":23},"end":{"line":412,"column":36}},"line":412},"16":{"name":"(anonymous_16)","decl":{"start":{"line":533,"column":18},"end":{"line":533,"column":33}},"loc":{"start":{"line":533,"column":33},"end":{"line":533,"column":null}},"line":533},"17":{"name":"LoginForm","decl":{"start":{"line":556,"column":9},"end":{"line":556,"column":19}},"loc":{"start":{"line":556,"column":64},"end":{"line":678,"column":null}},"line":556},"18":{"name":"(anonymous_18)","decl":{"start":{"line":565,"column":8},"end":{"line":565,"column":18}},"loc":{"start":{"line":565,"column":24},"end":{"line":574,"column":null}},"line":565},"19":{"name":"(anonymous_19)","decl":{"start":{"line":576,"column":31},"end":{"line":576,"column":38}},"loc":{"start":{"line":576,"column":63},"end":{"line":592,"column":null}},"line":576},"20":{"name":"(anonymous_20)","decl":{"start":{"line":599,"column":8},"end":{"line":599,"column":19}},"loc":{"start":{"line":599,"column":25},"end":{"line":599,"column":null}},"line":599},"21":{"name":"(anonymous_21)","decl":{"start":{"line":606,"column":8},"end":{"line":606,"column":19}},"loc":{"start":{"line":606,"column":25},"end":{"line":606,"column":null}},"line":606},"22":{"name":"(anonymous_22)","decl":{"start":{"line":614,"column":47},"end":{"line":614,"column":58}},"loc":{"start":{"line":614,"column":64},"end":{"line":614,"column":null}},"line":614},"23":{"name":"(anonymous_23)","decl":{"start":{"line":626,"column":10},"end":{"line":626,"column":25}},"loc":{"start":{"line":626,"column":25},"end":{"line":626,"column":null}},"line":626},"24":{"name":"(anonymous_24)","decl":{"start":{"line":635,"column":10},"end":{"line":635,"column":25}},"loc":{"start":{"line":635,"column":25},"end":{"line":635,"column":null}},"line":635},"25":{"name":"RegisterForm","decl":{"start":{"line":681,"column":9},"end":{"line":681,"column":22}},"loc":{"start":{"line":681,"column":61},"end":{"line":792,"column":null}},"line":681},"26":{"name":"(anonymous_26)","decl":{"start":{"line":692,"column":8},"end":{"line":692,"column":28}},"loc":{"start":{"line":692,"column":41},"end":{"line":697,"column":null}},"line":692},"27":{"name":"(anonymous_27)","decl":{"start":{"line":699,"column":8},"end":{"line":699,"column":18}},"loc":{"start":{"line":699,"column":24},"end":{"line":715,"column":null}},"line":699},"28":{"name":"(anonymous_28)","decl":{"start":{"line":728,"column":10},"end":{"line":728,"column":21}},"loc":{"start":{"line":728,"column":27},"end":{"line":728,"column":null}},"line":728},"29":{"name":"(anonymous_29)","decl":{"start":{"line":731,"column":10},"end":{"line":731,"column":21}},"loc":{"start":{"line":731,"column":27},"end":{"line":731,"column":null}},"line":731},"30":{"name":"(anonymous_30)","decl":{"start":{"line":736,"column":8},"end":{"line":736,"column":19}},"loc":{"start":{"line":736,"column":25},"end":{"line":736,"column":null}},"line":736},"31":{"name":"(anonymous_31)","decl":{"start":{"line":741,"column":10},"end":{"line":741,"column":21}},"loc":{"start":{"line":741,"column":27},"end":{"line":741,"column":null}},"line":741},"32":{"name":"(anonymous_32)","decl":{"start":{"line":744,"column":10},"end":{"line":744,"column":21}},"loc":{"start":{"line":744,"column":27},"end":{"line":744,"column":null}},"line":744},"33":{"name":"(anonymous_33)","decl":{"start":{"line":750,"column":10},"end":{"line":750,"column":21}},"loc":{"start":{"line":750,"column":27},"end":{"line":750,"column":null}},"line":750},"34":{"name":"(anonymous_34)","decl":{"start":{"line":757,"column":10},"end":{"line":757,"column":21}},"loc":{"start":{"line":757,"column":27},"end":{"line":757,"column":null}},"line":757},"35":{"name":"IslaEducativaLogin","decl":{"start":{"line":795,"column":24},"end":{"line":795,"column":43}},"loc":{"start":{"line":803,"column":3},"end":{"line":931,"column":null}},"line":803},"36":{"name":"(anonymous_36)","decl":{"start":{"line":810,"column":22},"end":{"line":810,"column":29}},"loc":{"start":{"line":810,"column":38},"end":{"line":822,"column":null}},"line":810},"37":{"name":"(anonymous_37)","decl":{"start":{"line":815,"column":6},"end":{"line":815,"column":23}},"loc":{"start":{"line":815,"column":23},"end":{"line":815,"column":39}},"line":815},"38":{"name":"(anonymous_38)","decl":{"start":{"line":818,"column":6},"end":{"line":818,"column":23}},"loc":{"start":{"line":818,"column":23},"end":{"line":818,"column":39}},"line":818},"39":{"name":"(anonymous_39)","decl":{"start":{"line":824,"column":25},"end":{"line":824,"column":32}},"loc":{"start":{"line":824,"column":41},"end":{"line":837,"column":null}},"line":824},"40":{"name":"(anonymous_40)","decl":{"start":{"line":830,"column":6},"end":{"line":830,"column":23}},"loc":{"start":{"line":830,"column":23},"end":{"line":830,"column":39}},"line":830},"41":{"name":"(anonymous_41)","decl":{"start":{"line":833,"column":6},"end":{"line":833,"column":23}},"loc":{"start":{"line":833,"column":23},"end":{"line":833,"column":39}},"line":833},"42":{"name":"(anonymous_42)","decl":{"start":{"line":897,"column":14},"end":{"line":897,"column":29}},"loc":{"start":{"line":897,"column":29},"end":{"line":897,"column":null}},"line":897},"43":{"name":"(anonymous_43)","decl":{"start":{"line":903,"column":14},"end":{"line":903,"column":29}},"loc":{"start":{"line":903,"column":29},"end":{"line":903,"column":null}},"line":903},"44":{"name":"(anonymous_44)","decl":{"start":{"line":909,"column":58},"end":{"line":909,"column":78}},"loc":{"start":{"line":909,"column":78},"end":{"line":909,"column":110}},"line":909},"45":{"name":"(anonymous_45)","decl":{"start":{"line":911,"column":38},"end":{"line":911,"column":52}},"loc":{"start":{"line":911,"column":52},"end":{"line":911,"column":70}},"line":911},"46":{"name":"TabPill","decl":{"start":{"line":934,"column":9},"end":{"line":934,"column":17}},"loc":{"start":{"line":934,"column":67},"end":{"line":955,"column":null}},"line":934},"47":{"name":"FloatingChip","decl":{"start":{"line":957,"column":9},"end":{"line":957,"column":22}},"loc":{"start":{"line":957,"column":62},"end":{"line":967,"column":null}},"line":957}},"branchMap":{"0":{"loc":{"start":{"line":17,"column":22},"end":{"line":17,"column":45}},"type":"default-arg","locations":[{"start":{"line":17,"column":34},"end":{"line":17,"column":45}}],"line":17},"1":{"loc":{"start":{"line":17,"column":45},"end":{"line":17,"column":66}},"type":"default-arg","locations":[{"start":{"line":17,"column":59},"end":{"line":17,"column":66}}],"line":17},"2":{"loc":{"start":{"line":19,"column":2},"end":{"line":34,"column":null}},"type":"switch","locations":[{"start":{"line":20,"column":4},"end":{"line":20,"column":null}},{"start":{"line":21,"column":4},"end":{"line":21,"column":null}},{"start":{"line":22,"column":4},"end":{"line":22,"column":null}},{"start":{"line":23,"column":4},"end":{"line":23,"column":null}},{"start":{"line":24,"column":4},"end":{"line":24,"column":null}},{"start":{"line":25,"column":4},"end":{"line":25,"column":null}},{"start":{"line":26,"column":4},"end":{"line":26,"column":null}},{"start":{"line":27,"column":4},"end":{"line":27,"column":null}},{"start":{"line":28,"column":4},"end":{"line":28,"column":null}},{"start":{"line":29,"column":4},"end":{"line":29,"column":null}},{"start":{"line":30,"column":4},"end":{"line":30,"column":null}},{"start":{"line":31,"column":4},"end":{"line":31,"column":null}},{"start":{"line":32,"column":4},"end":{"line":32,"column":null}},{"start":{"line":33,"column":4},"end":{"line":33,"column":null}}],"line":19},"3":{"loc":{"start":{"line":201,"column":28},"end":{"line":201,"column":43}},"type":"default-arg","locations":[{"start":{"line":201,"column":35},"end":{"line":201,"column":43}}],"line":201},"4":{"loc":{"start":{"line":208,"column":9},"end":{"line":211,"column":null}},"type":"binary-expr","locations":[{"start":{"line":208,"column":9},"end":{"line":208,"column":null}},{"start":{"line":209,"column":10},"end":{"line":211,"column":null}}],"line":208},"5":{"loc":{"start":{"line":214,"column":16},"end":{"line":214,"column":null}},"type":"cond-expr","locations":[{"start":{"line":214,"column":33},"end":{"line":214,"column":42}},{"start":{"line":214,"column":42},"end":{"line":214,"column":null}}],"line":214},"6":{"loc":{"start":{"line":214,"column":16},"end":{"line":214,"column":33}},"type":"binary-expr","locations":[{"start":{"line":214,"column":16},"end":{"line":214,"column":24}},{"start":{"line":214,"column":24},"end":{"line":214,"column":33}}],"line":214},"7":{"loc":{"start":{"line":223,"column":12},"end":{"line":225,"column":null}},"type":"cond-expr","locations":[{"start":{"line":224,"column":16},"end":{"line":224,"column":null}},{"start":{"line":225,"column":16},"end":{"line":225,"column":null}}],"line":223},"8":{"loc":{"start":{"line":228,"column":9},"end":{"line":236,"column":null}},"type":"binary-expr","locations":[{"start":{"line":228,"column":9},"end":{"line":228,"column":null}},{"start":{"line":229,"column":10},"end":{"line":236,"column":null}}],"line":228},"9":{"loc":{"start":{"line":235,"column":24},"end":{"line":235,"column":52}},"type":"cond-expr","locations":[{"start":{"line":235,"column":33},"end":{"line":235,"column":45}},{"start":{"line":235,"column":45},"end":{"line":235,"column":52}}],"line":235},"10":{"loc":{"start":{"line":239,"column":7},"end":{"line":242,"column":null}},"type":"binary-expr","locations":[{"start":{"line":239,"column":7},"end":{"line":239,"column":null}},{"start":{"line":240,"column":8},"end":{"line":242,"column":null}}],"line":239},"11":{"loc":{"start":{"line":250,"column":2},"end":{"line":250,"column":null}},"type":"if","locations":[{"start":{"line":250,"column":2},"end":{"line":250,"column":null}},{"start":{},"end":{}}],"line":250},"12":{"loc":{"start":{"line":251,"column":2},"end":{"line":251,"column":null}},"type":"if","locations":[{"start":{"line":251,"column":2},"end":{"line":251,"column":null}},{"start":{},"end":{}}],"line":251},"13":{"loc":{"start":{"line":252,"column":2},"end":{"line":252,"column":null}},"type":"if","locations":[{"start":{"line":252,"column":2},"end":{"line":252,"column":null}},{"start":{},"end":{}}],"line":252},"14":{"loc":{"start":{"line":253,"column":2},"end":{"line":253,"column":null}},"type":"if","locations":[{"start":{"line":253,"column":2},"end":{"line":253,"column":null}},{"start":{},"end":{}}],"line":253},"15":{"loc":{"start":{"line":275,"column":4},"end":{"line":278,"column":null}},"type":"if","locations":[{"start":{"line":275,"column":4},"end":{"line":278,"column":null}},{"start":{},"end":{}}],"line":275},"16":{"loc":{"start":{"line":279,"column":4},"end":{"line":282,"column":null}},"type":"if","locations":[{"start":{"line":279,"column":4},"end":{"line":282,"column":null}},{"start":{},"end":{}}],"line":279},"17":{"loc":{"start":{"line":283,"column":4},"end":{"line":286,"column":null}},"type":"if","locations":[{"start":{"line":283,"column":4},"end":{"line":286,"column":null}},{"start":{},"end":{}}],"line":283},"18":{"loc":{"start":{"line":300,"column":6},"end":{"line":305,"column":null}},"type":"if","locations":[{"start":{"line":300,"column":6},"end":{"line":305,"column":null}},{"start":{},"end":{}}],"line":300},"19":{"loc":{"start":{"line":319,"column":6},"end":{"line":333,"column":null}},"type":"if","locations":[{"start":{"line":319,"column":6},"end":{"line":333,"column":null}},{"start":{},"end":{}}],"line":319},"20":{"loc":{"start":{"line":325,"column":8},"end":{"line":331,"column":null}},"type":"if","locations":[{"start":{"line":325,"column":8},"end":{"line":331,"column":null}},{"start":{"line":327,"column":15},"end":{"line":331,"column":null}}],"line":325},"21":{"loc":{"start":{"line":327,"column":15},"end":{"line":331,"column":null}},"type":"if","locations":[{"start":{"line":327,"column":15},"end":{"line":331,"column":null}},{"start":{"line":329,"column":15},"end":{"line":331,"column":null}}],"line":327},"22":{"loc":{"start":{"line":335,"column":6},"end":{"line":339,"column":null}},"type":"if","locations":[{"start":{"line":335,"column":6},"end":{"line":339,"column":null}},{"start":{},"end":{}}],"line":335},"23":{"loc":{"start":{"line":352,"column":15},"end":{"line":352,"column":60}},"type":"binary-expr","locations":[{"start":{"line":352,"column":15},"end":{"line":352,"column":30}},{"start":{"line":352,"column":30},"end":{"line":352,"column":60}}],"line":352},"24":{"loc":{"start":{"line":360,"column":4},"end":{"line":363,"column":null}},"type":"if","locations":[{"start":{"line":360,"column":4},"end":{"line":363,"column":null}},{"start":{},"end":{}}],"line":360},"25":{"loc":{"start":{"line":365,"column":4},"end":{"line":368,"column":null}},"type":"if","locations":[{"start":{"line":365,"column":4},"end":{"line":368,"column":null}},{"start":{},"end":{}}],"line":365},"26":{"loc":{"start":{"line":370,"column":4},"end":{"line":373,"column":null}},"type":"if","locations":[{"start":{"line":370,"column":4},"end":{"line":373,"column":null}},{"start":{},"end":{}}],"line":370},"27":{"loc":{"start":{"line":376,"column":4},"end":{"line":379,"column":null}},"type":"if","locations":[{"start":{"line":376,"column":4},"end":{"line":379,"column":null}},{"start":{},"end":{}}],"line":376},"28":{"loc":{"start":{"line":381,"column":4},"end":{"line":384,"column":null}},"type":"if","locations":[{"start":{"line":381,"column":4},"end":{"line":384,"column":null}},{"start":{},"end":{}}],"line":381},"29":{"loc":{"start":{"line":404,"column":6},"end":{"line":408,"column":null}},"type":"if","locations":[{"start":{"line":404,"column":6},"end":{"line":408,"column":null}},{"start":{},"end":{}}],"line":404},"30":{"loc":{"start":{"line":406,"column":17},"end":{"line":406,"column":62}},"type":"binary-expr","locations":[{"start":{"line":406,"column":17},"end":{"line":406,"column":33}},{"start":{"line":406,"column":33},"end":{"line":406,"column":62}}],"line":406},"31":{"loc":{"start":{"line":415,"column":15},"end":{"line":415,"column":59}},"type":"binary-expr","locations":[{"start":{"line":415,"column":15},"end":{"line":415,"column":30}},{"start":{"line":415,"column":30},"end":{"line":415,"column":59}}],"line":415},"32":{"loc":{"start":{"line":419,"column":2},"end":{"line":429,"column":null}},"type":"if","locations":[{"start":{"line":419,"column":2},"end":{"line":429,"column":null}},{"start":{},"end":{}}],"line":419},"33":{"loc":{"start":{"line":436,"column":24},"end":{"line":436,"column":null}},"type":"cond-expr","locations":[{"start":{"line":436,"column":37},"end":{"line":436,"column":49}},{"start":{"line":436,"column":49},"end":{"line":436,"column":null}}],"line":436},"34":{"loc":{"start":{"line":440,"column":24},"end":{"line":440,"column":null}},"type":"cond-expr","locations":[{"start":{"line":440,"column":37},"end":{"line":440,"column":49}},{"start":{"line":440,"column":49},"end":{"line":440,"column":null}}],"line":440},"35":{"loc":{"start":{"line":445,"column":9},"end":{"line":550,"column":null}},"type":"cond-expr","locations":[{"start":{"line":446,"column":10},"end":{"line":487,"column":null}},{"start":{"line":487,"column":10},"end":{"line":550,"column":null}}],"line":445},"36":{"loc":{"start":{"line":481,"column":19},"end":{"line":481,"column":null}},"type":"cond-expr","locations":[{"start":{"line":481,"column":31},"end":{"line":481,"column":50}},{"start":{"line":481,"column":50},"end":{"line":481,"column":null}}],"line":481},"37":{"loc":{"start":{"line":505,"column":23},"end":{"line":505,"column":null}},"type":"cond-expr","locations":[{"start":{"line":505,"column":59},"end":{"line":505,"column":67}},{"start":{"line":505,"column":67},"end":{"line":505,"column":null}}],"line":505},"38":{"loc":{"start":{"line":505,"column":23},"end":{"line":505,"column":59}},"type":"binary-expr","locations":[{"start":{"line":505,"column":23},"end":{"line":505,"column":32}},{"start":{"line":505,"column":32},"end":{"line":505,"column":59}}],"line":505},"39":{"loc":{"start":{"line":514,"column":23},"end":{"line":514,"column":null}},"type":"cond-expr","locations":[{"start":{"line":514,"column":58},"end":{"line":514,"column":66}},{"start":{"line":514,"column":66},"end":{"line":514,"column":null}}],"line":514},"40":{"loc":{"start":{"line":514,"column":23},"end":{"line":514,"column":58}},"type":"binary-expr","locations":[{"start":{"line":514,"column":23},"end":{"line":514,"column":32}},{"start":{"line":514,"column":32},"end":{"line":514,"column":58}}],"line":514},"41":{"loc":{"start":{"line":523,"column":23},"end":{"line":523,"column":null}},"type":"cond-expr","locations":[{"start":{"line":523,"column":62},"end":{"line":523,"column":70}},{"start":{"line":523,"column":70},"end":{"line":523,"column":null}}],"line":523},"42":{"loc":{"start":{"line":523,"column":23},"end":{"line":523,"column":62}},"type":"binary-expr","locations":[{"start":{"line":523,"column":23},"end":{"line":523,"column":32}},{"start":{"line":523,"column":32},"end":{"line":523,"column":62}}],"line":523},"43":{"loc":{"start":{"line":544,"column":19},"end":{"line":544,"column":null}},"type":"cond-expr","locations":[{"start":{"line":544,"column":31},"end":{"line":544,"column":48}},{"start":{"line":544,"column":48},"end":{"line":544,"column":null}}],"line":544},"44":{"loc":{"start":{"line":568,"column":4},"end":{"line":569,"column":null}},"type":"if","locations":[{"start":{"line":568,"column":4},"end":{"line":569,"column":null}},{"start":{"line":569,"column":9},"end":{"line":569,"column":null}}],"line":568},"45":{"loc":{"start":{"line":569,"column":9},"end":{"line":569,"column":null}},"type":"if","locations":[{"start":{"line":569,"column":9},"end":{"line":569,"column":null}},{"start":{},"end":{}}],"line":569},"46":{"loc":{"start":{"line":570,"column":4},"end":{"line":571,"column":null}},"type":"if","locations":[{"start":{"line":570,"column":4},"end":{"line":571,"column":null}},{"start":{"line":571,"column":9},"end":{"line":571,"column":null}}],"line":570},"47":{"loc":{"start":{"line":571,"column":9},"end":{"line":571,"column":null}},"type":"if","locations":[{"start":{"line":571,"column":9},"end":{"line":571,"column":null}},{"start":{},"end":{}}],"line":571},"48":{"loc":{"start":{"line":573,"column":4},"end":{"line":573,"column":null}},"type":"if","locations":[{"start":{"line":573,"column":4},"end":{"line":573,"column":null}},{"start":{},"end":{}}],"line":573},"49":{"loc":{"start":{"line":581,"column":6},"end":{"line":584,"column":null}},"type":"if","locations":[{"start":{"line":581,"column":6},"end":{"line":584,"column":null}},{"start":{},"end":{}}],"line":581},"50":{"loc":{"start":{"line":588,"column":22},"end":{"line":588,"column":66}},"type":"binary-expr","locations":[{"start":{"line":588,"column":22},"end":{"line":588,"column":37}},{"start":{"line":588,"column":37},"end":{"line":588,"column":66}}],"line":588},"51":{"loc":{"start":{"line":599,"column":40},"end":{"line":599,"column":96}},"type":"if","locations":[{"start":{"line":599,"column":40},"end":{"line":599,"column":96}},{"start":{},"end":{}}],"line":599},"52":{"loc":{"start":{"line":600,"column":21},"end":{"line":600,"column":null}},"type":"cond-expr","locations":[{"start":{"line":600,"column":30},"end":{"line":600,"column":55}},{"start":{"line":600,"column":55},"end":{"line":600,"column":null}}],"line":600},"53":{"loc":{"start":{"line":606,"column":37},"end":{"line":606,"column":87}},"type":"if","locations":[{"start":{"line":606,"column":37},"end":{"line":606,"column":87}},{"start":{},"end":{}}],"line":606},"54":{"loc":{"start":{"line":633,"column":7},"end":{"line":638,"column":null}},"type":"binary-expr","locations":[{"start":{"line":633,"column":7},"end":{"line":633,"column":null}},{"start":{"line":634,"column":8},"end":{"line":638,"column":null}}],"line":633},"55":{"loc":{"start":{"line":649,"column":10},"end":{"line":651,"column":null}},"type":"cond-expr","locations":[{"start":{"line":650,"column":14},"end":{"line":650,"column":null}},{"start":{"line":651,"column":14},"end":{"line":651,"column":null}}],"line":649},"56":{"loc":{"start":{"line":655,"column":9},"end":{"line":655,"column":null}},"type":"cond-expr","locations":[{"start":{"line":655,"column":21},"end":{"line":655,"column":38}},{"start":{"line":655,"column":38},"end":{"line":655,"column":null}}],"line":655},"57":{"loc":{"start":{"line":693,"column":4},"end":{"line":693,"column":null}},"type":"if","locations":[{"start":{"line":693,"column":4},"end":{"line":693,"column":null}},{"start":{},"end":{}}],"line":693},"58":{"loc":{"start":{"line":694,"column":4},"end":{"line":694,"column":null}},"type":"if","locations":[{"start":{"line":694,"column":4},"end":{"line":694,"column":null}},{"start":{},"end":{}}],"line":694},"59":{"loc":{"start":{"line":695,"column":4},"end":{"line":695,"column":null}},"type":"if","locations":[{"start":{"line":695,"column":4},"end":{"line":695,"column":null}},{"start":{},"end":{}}],"line":695},"60":{"loc":{"start":{"line":702,"column":4},"end":{"line":702,"column":null}},"type":"if","locations":[{"start":{"line":702,"column":4},"end":{"line":702,"column":null}},{"start":{},"end":{}}],"line":702},"61":{"loc":{"start":{"line":704,"column":4},"end":{"line":705,"column":null}},"type":"if","locations":[{"start":{"line":704,"column":4},"end":{"line":705,"column":null}},{"start":{"line":705,"column":9},"end":{"line":705,"column":null}}],"line":704},"62":{"loc":{"start":{"line":705,"column":9},"end":{"line":705,"column":null}},"type":"if","locations":[{"start":{"line":705,"column":9},"end":{"line":705,"column":null}},{"start":{},"end":{}}],"line":705},"63":{"loc":{"start":{"line":706,"column":4},"end":{"line":710,"column":null}},"type":"if","locations":[{"start":{"line":706,"column":4},"end":{"line":710,"column":null}},{"start":{"line":707,"column":9},"end":{"line":710,"column":null}}],"line":706},"64":{"loc":{"start":{"line":709,"column":6},"end":{"line":709,"column":null}},"type":"if","locations":[{"start":{"line":709,"column":6},"end":{"line":709,"column":null}},{"start":{},"end":{}}],"line":709},"65":{"loc":{"start":{"line":711,"column":4},"end":{"line":711,"column":null}},"type":"if","locations":[{"start":{"line":711,"column":4},"end":{"line":711,"column":null}},{"start":{},"end":{}}],"line":711},"66":{"loc":{"start":{"line":712,"column":4},"end":{"line":712,"column":null}},"type":"if","locations":[{"start":{"line":712,"column":4},"end":{"line":712,"column":null}},{"start":{},"end":{}}],"line":712},"67":{"loc":{"start":{"line":714,"column":4},"end":{"line":714,"column":null}},"type":"if","locations":[{"start":{"line":714,"column":4},"end":{"line":714,"column":null}},{"start":{},"end":{}}],"line":714},"68":{"loc":{"start":{"line":728,"column":43},"end":{"line":728,"column":101}},"type":"if","locations":[{"start":{"line":728,"column":43},"end":{"line":728,"column":101}},{"start":{},"end":{}}],"line":728},"69":{"loc":{"start":{"line":731,"column":45},"end":{"line":731,"column":107}},"type":"if","locations":[{"start":{"line":731,"column":45},"end":{"line":731,"column":107}},{"start":{},"end":{}}],"line":731},"70":{"loc":{"start":{"line":736,"column":40},"end":{"line":736,"column":96}},"type":"if","locations":[{"start":{"line":736,"column":40},"end":{"line":736,"column":96}},{"start":{},"end":{}}],"line":736},"71":{"loc":{"start":{"line":741,"column":39},"end":{"line":741,"column":89}},"type":"if","locations":[{"start":{"line":741,"column":39},"end":{"line":741,"column":89}},{"start":{},"end":{}}],"line":741},"72":{"loc":{"start":{"line":744,"column":40},"end":{"line":744,"column":92}},"type":"if","locations":[{"start":{"line":744,"column":40},"end":{"line":744,"column":92}},{"start":{},"end":{}}],"line":744},"73":{"loc":{"start":{"line":748,"column":7},"end":{"line":751,"column":null}},"type":"binary-expr","locations":[{"start":{"line":748,"column":7},"end":{"line":748,"column":null}},{"start":{"line":749,"column":8},"end":{"line":751,"column":null}}],"line":748},"74":{"loc":{"start":{"line":757,"column":58},"end":{"line":757,"column":116}},"type":"if","locations":[{"start":{"line":757,"column":58},"end":{"line":757,"column":116}},{"start":{},"end":{}}],"line":757},"75":{"loc":{"start":{"line":769,"column":7},"end":{"line":772,"column":null}},"type":"binary-expr","locations":[{"start":{"line":769,"column":7},"end":{"line":769,"column":null}},{"start":{"line":770,"column":8},"end":{"line":772,"column":null}}],"line":769},"76":{"loc":{"start":{"line":782,"column":10},"end":{"line":784,"column":null}},"type":"cond-expr","locations":[{"start":{"line":783,"column":14},"end":{"line":783,"column":null}},{"start":{"line":784,"column":14},"end":{"line":784,"column":null}}],"line":782},"77":{"loc":{"start":{"line":788,"column":9},"end":{"line":788,"column":null}},"type":"cond-expr","locations":[{"start":{"line":788,"column":21},"end":{"line":788,"column":36}},{"start":{"line":788,"column":36},"end":{"line":788,"column":null}}],"line":788},"78":{"loc":{"start":{"line":796,"column":2},"end":{"line":796,"column":null}},"type":"default-arg","locations":[{"start":{"line":796,"column":14},"end":{"line":796,"column":null}}],"line":796},"79":{"loc":{"start":{"line":797,"column":2},"end":{"line":797,"column":null}},"type":"default-arg","locations":[{"start":{"line":797,"column":16},"end":{"line":797,"column":null}}],"line":797},"80":{"loc":{"start":{"line":798,"column":2},"end":{"line":798,"column":null}},"type":"default-arg","locations":[{"start":{"line":798,"column":10},"end":{"line":798,"column":null}}],"line":798},"81":{"loc":{"start":{"line":801,"column":2},"end":{"line":801,"column":null}},"type":"default-arg","locations":[{"start":{"line":801,"column":22},"end":{"line":801,"column":null}}],"line":801},"82":{"loc":{"start":{"line":802,"column":2},"end":{"line":802,"column":null}},"type":"default-arg","locations":[{"start":{"line":802,"column":15},"end":{"line":802,"column":null}}],"line":802},"83":{"loc":{"start":{"line":817,"column":15},"end":{"line":817,"column":55}},"type":"binary-expr","locations":[{"start":{"line":817,"column":15},"end":{"line":817,"column":30}},{"start":{"line":817,"column":30},"end":{"line":817,"column":55}}],"line":817},"84":{"loc":{"start":{"line":832,"column":15},"end":{"line":832,"column":52}},"type":"binary-expr","locations":[{"start":{"line":832,"column":15},"end":{"line":832,"column":30}},{"start":{"line":832,"column":30},"end":{"line":832,"column":52}}],"line":832},"85":{"loc":{"start":{"line":851,"column":7},"end":{"line":857,"column":null}},"type":"binary-expr","locations":[{"start":{"line":851,"column":7},"end":{"line":851,"column":null}},{"start":{"line":852,"column":8},"end":{"line":857,"column":null}}],"line":851},"86":{"loc":{"start":{"line":862,"column":9},"end":{"line":868,"column":null}},"type":"binary-expr","locations":[{"start":{"line":862,"column":9},"end":{"line":862,"column":null}},{"start":{"line":863,"column":10},"end":{"line":868,"column":null}}],"line":862},"87":{"loc":{"start":{"line":885,"column":15},"end":{"line":887,"column":null}},"type":"cond-expr","locations":[{"start":{"line":886,"column":18},"end":{"line":886,"column":null}},{"start":{"line":887,"column":18},"end":{"line":887,"column":null}}],"line":885},"88":{"loc":{"start":{"line":908,"column":11},"end":{"line":911,"column":null}},"type":"cond-expr","locations":[{"start":{"line":909,"column":12},"end":{"line":911,"column":13}},{"start":{"line":911,"column":12},"end":{"line":911,"column":null}}],"line":908},"89":{"loc":{"start":{"line":921,"column":7},"end":{"line":927,"column":null}},"type":"binary-expr","locations":[{"start":{"line":921,"column":7},"end":{"line":921,"column":null}},{"start":{"line":922,"column":8},"end":{"line":927,"column":null}}],"line":921},"90":{"loc":{"start":{"line":935,"column":24},"end":{"line":939,"column":null}},"type":"cond-expr","locations":[{"start":{"line":936,"column":7},"end":{"line":938,"column":null}},{"start":{"line":939,"column":6},"end":{"line":939,"column":null}}],"line":935},"91":{"loc":{"start":{"line":936,"column":7},"end":{"line":938,"column":null}},"type":"cond-expr","locations":[{"start":{"line":937,"column":8},"end":{"line":937,"column":null}},{"start":{"line":938,"column":8},"end":{"line":938,"column":null}}],"line":936},"92":{"loc":{"start":{"line":941,"column":26},"end":{"line":941,"column":null}},"type":"cond-expr","locations":[{"start":{"line":941,"column":37},"end":{"line":941,"column":71}},{"start":{"line":941,"column":71},"end":{"line":941,"column":null}}],"line":941},"93":{"loc":{"start":{"line":957,"column":24},"end":{"line":957,"column":40}},"type":"default-arg","locations":[{"start":{"line":957,"column":36},"end":{"line":957,"column":40}}],"line":957}},"s":{"0":0,"1":0,"2":0,"3":0,"4":0,"5":0,"6":0,"7":0,"8":0,"9":0,"10":0,"11":0,"12":0,"13":0,"14":0,"15":0,"16":0,"17":0,"18":0,"19":0,"20":0,"21":0,"22":0,"23":0,"24":0,"25":0,"26":0,"27":0,"28":0,"29":0,"30":0,"31":0,"32":0,"33":0,"34":0,"35":0,"36":0,"37":0,"38":0,"39":0,"40":0,"41":0,"42":0,"43":0,"44":0,"45":0,"46":0,"47":0,"48":0,"49":0,"50":0,"51":0,"52":0,"53":0,"54":0,"55":0,"56":0,"57":0,"58":0,"59":0,"60":0,"61":0,"62":0,"63":0,"64":0,"65":0,"66":0,"67":0,"68":0,"69":0,"70":0,"71":0,"72":0,"73":0,"74":0,"75":0,"76":0,"77":0,"78":0,"79":0,"80":0,"81":0,"82":0,"83":0,"84":0,"85":0,"86":0,"87":0,"88":0,"89":0,"90":0,"91":0,"92":0,"93":0,"94":0,"95":0,"96":0,"97":0,"98":0,"99":0,"100":0,"101":0,"102":0,"103":0,"104":0,"105":0,"106":0,"107":0,"108":0,"109":0,"110":0,"111":0,"112":0,"113":0,"114":0,"115":0,"116":0,"117":0,"118":0,"119":0,"120":0,"121":0,"122":0,"123":0,"124":0,"125":0,"126":0,"127":0,"128":0,"129":0,"130":0,"131":0,"132":0,"133":0,"134":0,"135":0,"136":0,"137":0,"138":0,"139":0,"140":0,"141":0,"142":0,"143":0,"144":0,"145":0,"146":0,"147":0,"148":0,"149":0,"150":0,"151":0,"152":0,"153":0,"154":0,"155":0,"156":0,"157":0,"158":0,"159":0,"160":0,"161":0,"162":0,"163":0,"164":0,"165":0,"166":0,"167":0,"168":0,"169":0,"170":0,"171":0,"172":0,"173":0,"174":0,"175":0,"176":0,"177":0,"178":0,"179":0,"180":0,"181":0,"182":0,"183":0,"184":0,"185":0,"186":0,"187":0,"188":0,"189":0,"190":0,"191":0,"192":0,"193":0,"194":0,"195":0,"196":0,"197":0,"198":0,"199":0,"200":0,"201":0,"202":0,"203":0,"204":0,"205":0,"206":0,"207":0,"208":0,"209":0,"210":0,"211":0,"212":0,"213":0,"214":0,"215":0,"216":0,"217":0,"218":0,"219":0,"220":0,"221":0,"222":0,"223":0,"224":0,"225":0,"226":0,"227":0,"228":0,"229":0,"230":0,"231":0,"232":0,"233":0,"234":0,"235":0,"236":0,"237":0,"238":0,"239":0,"240":0,"241":0,"242":0,"243":0,"244":0,"245":0,"246":0,"247":0,"248":0,"249":0,"250":0,"251":0,"252":0,"253":0,"254":0,"255":0,"256":0,"257":0,"258":0,"259":0,"260":0,"261":0,"262":0,"263":0,"264":0,"265":0,"266":0,"267":0,"268":0,"269":0,"270":0,"271":0,"272":0,"273":0},"f":{"0":0,"1":0,"2":0,"3":0,"4":0,"5":0,"6":0,"7":0,"8":0,"9":0,"10":0,"11":0,"12":0,"13":0,"14":0,"15":0,"16":0,"17":0,"18":0,"19":0,"20":0,"21":0,"22":0,"23":0,"24":0,"25":0,"26":0,"27":0,"28":0,"29":0,"30":0,"31":0,"32":0,"33":0,"34":0,"35":0,"36":0,"37":0,"38":0,"39":0,"40":0,"41":0,"42":0,"43":0,"44":0,"45":0,"46":0,"47":0},"b":{"0":[0],"1":[0],"2":[0,0,0,0,0,0,0,0,0,0,0,0,0,0],"3":[0],"4":[0,0],"5":[0,0],"6":[0,0],"7":[0,0],"8":[0,0],"9":[0,0],"10":[0,0],"11":[0,0],"12":[0,0],"13":[0,0],"14":[0,0],"15":[0,0],"16":[0,0],"17":[0,0],"18":[0,0],"19":[0,0],"20":[0,0],"21":[0,0],"22":[0,0],"23":[0,0],"24":[0,0],"25":[0,0],"26":[0,0],"27":[0,0],"28":[0,0],"29":[0,0],"30":[0,0],"31":[0,0],"32":[0,0],"33":[0,0],"34":[0,0],"35":[0,0],"36":[0,0],"37":[0,0],"38":[0,0],"39":[0,0],"40":[0,0],"41":[0,0],"42":[0,0],"43":[0,0],"44":[0,0],"45":[0,0],"46":[0,0],"47":[0,0],"48":[0,0],"49":[0,0],"50":[0,0],"51":[0,0],"52":[0,0],"53":[0,0],"54":[0,0],"55":[0,0],"56":[0,0],"57":[0,0],"58":[0,0],"59":[0,0],"60":[0,0],"61":[0,0],"62":[0,0],"63":[0,0],"64":[0,0],"65":[0,0],"66":[0,0],"67":[0,0],"68":[0,0],"69":[0,0],"70":[0,0],"71":[0,0],"72":[0,0],"73":[0,0],"74":[0,0],"75":[0,0],"76":[0,0],"77":[0,0],"78":[0],"79":[0],"80":[0],"81":[0],"82":[0],"83":[0,0],"84":[0,0],"85":[0,0],"86":[0,0],"87":[0,0],"88":[0,0],"89":[0,0],"90":[0,0],"91":[0,0],"92":[0,0],"93":[0]},"meta":{"lastBranch":94,"lastFunction":48,"lastStatement":274,"seen":{"s:5:23:5:Infinity":0,"f:17:9:17:14":0,"b:17:34:17:45":0,"b:17:59:17:66":1,"s:18:12:18:Infinity":1,"b:20:4:20:Infinity:21:4:21:Infinity:22:4:22:Infinity:23:4:23:Infinity:24:4:24:Infinity:25:4:25:Infinity:26:4:26:Infinity:27:4:27:Infinity:28:4:28:Infinity:29:4:29:Infinity:30:4:30:Infinity:31:4:31:Infinity:32:4:32:Infinity:33:4:33:Infinity":2,"s:19:2:34:Infinity":2,"s:20:18:20:Infinity":3,"s:21:18:21:Infinity":4,"s:22:18:22:Infinity":5,"s:23:20:23:Infinity":6,"s:24:18:24:Infinity":7,"s:25:18:25:Infinity":8,"s:26:18:26:Infinity":9,"s:27:19:27:Infinity":10,"s:28:20:28:Infinity":11,"s:29:20:29:Infinity":12,"s:30:18:30:Infinity":13,"s:31:18:31:Infinity":14,"s:32:23:32:Inf
[...]
mn":10},"end":{"line":621,"column":null}}],"line":603},"43":{"loc":{"start":{"line":625,"column":9},"end":{"line":647,"column":null}},"type":"binary-expr","locations":[{"start":{"line":625,"column":9},"end":{"line":625,"column":null}},{"start":{"line":626,"column":10},"end":{"line":647,"column":null}}],"line":625},"44":{"loc":{"start":{"line":629,"column":15},"end":{"line":638,"column":null}},"type":"cond-expr","locations":[{"start":{"line":630,"column":16},"end":{"line":638,"column":17}},{"start":{"line":638,"column":16},"end":{"line":638,"column":null}}],"line":629},"45":{"loc":{"start":{"line":658,"column":25},"end":{"line":660,"column":null}},"type":"cond-expr","locations":[{"start":{"line":659,"column":16},"end":{"line":659,"column":null}},{"start":{"line":660,"column":16},"end":{"line":660,"column":null}}],"line":658},"46":{"loc":{"start":{"line":670,"column":25},"end":{"line":672,"column":null}},"type":"cond-expr","locations":[{"start":{"line":671,"column":16},"end":{"line":671,"column":null}},{"start":{"line":672,"column":16},"end":{"line":672,"column":null}}],"line":670},"47":{"loc":{"start":{"line":679,"column":9},"end":{"line":715,"column":null}},"type":"binary-expr","locations":[{"start":{"line":679,"column":9},"end":{"line":679,"column":null}},{"start":{"line":680,"column":10},"end":{"line":715,"column":null}}],"line":679},"48":{"loc":{"start":{"line":695,"column":15},"end":{"line":712,"column":null}},"type":"cond-expr","locations":[{"start":{"line":696,"column":18},"end":{"line":698,"column":null}},{"start":{"line":699,"column":18},"end":{"line":712,"column":null}}],"line":695},"49":{"loc":{"start":{"line":699,"column":18},"end":{"line":712,"column":null}},"type":"cond-expr","locations":[{"start":{"line":701,"column":20},"end":{"line":705,"column":29}},{"start":{"line":705,"column":20},"end":{"line":712,"column":null}}],"line":699},"50":{"loc":{"start":{"line":719,"column":9},"end":{"line":914,"column":null}},"type":"binary-expr","locations":[{"start":{"line":719,"column":9},"end":{"line":719,"column":null}},{"start":{"line":720,"column":10},"end":{"line":914,"column":null}}],"line":719},"51":{"loc":{"start":{"line":732,"column":18},"end":{"line":745,"column":null}},"type":"if","locations":[{"start":{"line":732,"column":18},"end":{"line":745,"column":null}},{"start":{"line":734,"column":25},"end":{"line":745,"column":null}}],"line":732},"52":{"loc":{"start":{"line":752,"column":17},"end":{"line":752,"column":null}},"type":"cond-expr","locations":[{"start":{"line":752,"column":35},"end":{"line":752,"column":48}},{"start":{"line":752,"column":48},"end":{"line":752,"column":null}}],"line":752},"53":{"loc":{"start":{"line":757,"column":13},"end":{"line":867,"column":null}},"type":"binary-expr","locations":[{"start":{"line":757,"column":13},"end":{"line":757,"column":null}},{"start":{"line":758,"column":14},"end":{"line":867,"column":null}}],"line":757},"54":{"loc":{"start":{"line":760,"column":19},"end":{"line":760,"column":null}},"type":"cond-expr","locations":[{"start":{"line":760,"column":38},"end":{"line":760,"column":56}},{"start":{"line":760,"column":56},"end":{"line":760,"column":null}}],"line":760},"55":{"loc":{"start":{"line":854,"column":30},"end":{"line":854,"column":null}},"type":"binary-expr","locations":[{"start":{"line":854,"column":30},"end":{"line":854,"column":47}},{"start":{"line":854,"column":47},"end":{"line":854,"column":81}},{"start":{"line":854,"column":81},"end":{"line":854,"column":null}}],"line":854},"56":{"loc":{"start":{"line":862,"column":21},"end":{"line":864,"column":null}},"type":"cond-expr","locations":[{"start":{"line":863,"column":24},"end":{"line":863,"column":null}},{"start":{"line":864,"column":24},"end":{"line":864,"column":null}}],"line":862},"57":{"loc":{"start":{"line":863,"column":24},"end":{"line":863,"column":null}},"type":"cond-expr","locations":[{"start":{"line":863,"column":43},"end":{"line":863,"column":60}},{"start":{"line":863,"column":60},"end":{"line":863,"column":null}}],"line":863},"58":{"loc":{"start":{"line":864,"column":24},"end":{"line":864,"column":null}},"type":"cond-expr","locations":[{"start":{"line":864,"column":43},"end":{"line":864,"column":63}},{"start":{"line":864,"column":63},"end":{"line":864,"column":null}}],"line":864},"59":{"loc":{"start":{"line":871,"column":13},"end":{"line":912,"column":null}},"type":"cond-expr","locations":[{"start":{"line":872,"column":14},"end":{"line":877,"column":25}},{"start":{"line":877,"column":16},"end":{"line":912,"column":null}}],"line":871},"60":{"loc":{"start":{"line":877,"column":16},"end":{"line":912,"column":null}},"type":"cond-expr","locations":[{"start":{"line":878,"column":14},"end":{"line":883,"column":15}},{"start":{"line":883,"column":14},"end":{"line":912,"column":null}}],"line":877},"61":{"loc":{"start":{"line":889,"column":41},"end":{"line":891,"column":null}},"type":"cond-expr","locations":[{"start":{"line":890,"column":26},"end":{"line":890,"column":null}},{"start":{"line":891,"column":26},"end":{"line":891,"column":null}}],"line":889},"62":{"loc":{"start":{"line":892,"column":25},"end":{"line":892,"column":null}},"type":"cond-expr","locations":[{"start":{"line":892,"column":55},"end":{"line":892,"column":66}},{"start":{"line":892,"column":66},"end":{"line":892,"column":null}}],"line":892},"63":{"loc":{"start":{"line":896,"column":21},"end":{"line":897,"column":null}},"type":"binary-expr","locations":[{"start":{"line":896,"column":21},"end":{"line":896,"column":null}},{"start":{"line":897,"column":22},"end":{"line":897,"column":null}}],"line":896},"64":{"loc":{"start":{"line":919,"column":17},"end":{"line":919,"column":163}},"type":"cond-expr","locations":[{"start":{"line":919,"column":41},"end":{"line":919,"column":86}},{"start":{"line":919,"column":86},"end":{"line":919,"column":163}}],"line":919},"65":{"loc":{"start":{"line":919,"column":125},"end":{"line":919,"column":157}},"type":"cond-expr","locations":[{"start":{"line":919,"column":147},"end":{"line":919,"column":154}},{"start":{"line":919,"column":154},"end":{"line":919,"column":157}}],"line":919},"66":{"loc":{"start":{"line":921,"column":7},"end":{"line":927,"column":null}},"type":"binary-expr","locations":[{"start":{"line":921,"column":7},"end":{"line":921,"column":null}},{"start":{"line":922,"column":8},"end":{"line":927,"column":null}}],"line":921}},"s":{"0":2,"1":66,"2":66,"3":20,"4":20,"5":0,"6":0,"7":20,"8":0,"9":0,"10":0,"11":6,"12":0,"13":0,"14":0,"15":0,"16":0,"17":20,"18":160,"19":20,"20":40,"21":2,"22":0,"23":0,"24":0,"25":0,"26":2,"27":2,"28":0,"29":20,"30":0,"31":0,"32":0,"33":0,"34":0,"35":0,"36":20,"37":20,"38":20,"39":20,"40":20,"41":20,"42":20,"43":20,"44":20,"45":20,"46":20,"47":20,"48":20,"49":20,"50":20,"51":20,"52":10,"53":10,"54":10,"55":10,"56":7,"57":0,"58":0,"59":0,"60":7,"61":7,"62":7,"63":7,"64":7,"65":7,"66":6,"67":0,"68":6,"69":6,"70":6,"71":6,"72":6,"73":6,"74":0,"75":0,"76":0,"77":6,"78":0,"79":0,"80":6,"81":10,"82":10,"83":10,"84":10,"85":6,"86":0,"87":6,"88":6,"89":6,"90":6,"91":0,"92":6,"93":0,"94":0,"95":0,"96":0,"97":0,"98":0,"99":0,"100":0,"101":6,"102":4,"103":4,"104":10,"105":10,"106":20,"107":17,"108":24,"109":24,"110":20,"111":20,"112":0,"113":0,"114":0,"115":0,"116":20,"117":0,"118":0,"119":0,"120":0,"121":0,"122":0,"123":20,"124":0,"125":0,"126":0,"127":0,"128":0,"129":0,"130":0,"131":0,"132":0,"133":0,"134":0,"135":0,"136":0,"137":0,"138":0,"139":0,"140":0,"141":0,"142":0,"143":0,"144":0,"145":0,"146":0,"147":0,"148":0,"149":0,"150":0,"151":0,"152":0,"153":0,"154":0,"155":0,"156":0,"157":0,"158":0,"159":0,"160":20,"161":0,"162":0,"163":0,"164":0,"165":20,"166":0,"167":0,"168":0,"169":20,"170":20,"171":0,"172":0,"173":0,"174":0,"175":0,"176":0,"177":0,"178":0,"179":30,"180":0,"181":0,"182":0,"183":0,"184":0,"185":0,"186":0,"187":0,"188":0,"189":0,"190":0,"191":0,"192":0,"193":0,"194":0,"195":0,"196":0},"f":{"0":66,"1":20,"2":160,"3":20,"4":40,"5":0,"6":0,"7":0,"8":0,"9":0,"10":20,"11":0,"12":0,"13":0,"14":0,"15":0,"16":20,"17":20,"18":10,"19":10,"20":0,"21":17,"22":24,"23":24,"24":0,"25":0,"26":0,"27":0,"28":0,"29":0,"30":0,"31":0,"32":0,"33":0,"34":0,"35":0,"36":0,"37":0,"38":30,"39":0,"40":0,"41":0,"42":0,"43":0,"44":0,"45":0,"46":0,"47":0,"48":0,"49":0,"50":0,"51":0},"b":{"0":[66],"1":[66],"2":[20,20,0,0,20,0,0,0,6,0,0,0,0,0],"3":[0,0],"4":[0],"5":[0,0],"6":[0,0],"7":[0,0],"8":[0,0],"9":[0,0],"10":[0,7],"11":[7,0],"12":[0,6],"13":[6,0],"14":[0,6],"15":[6,0],"16":[0,0],"17":[0,6],"18":[6,6],"19":[10,6],"20":[0,6],"21":[6,6],"22":[6,6],"23":[0,6],"24":[0,6],"25":[6,0],"26":[0,0],"27":[0,0],"28":[24,24],"29":[20,0],"30":[0,0],"31":[0,0],"32":[0,0],"33":[0,0],"34":[0,0],"35":[0,0],"36":[0,0],"37":[0,0],"38":[0,0],"39":[0,0],"40":[20,0],"41":[20,0],"42":[20,6],"43":[20,0],"44":[0,0],"45":[20,0],"46":[0,20],"47":[20,20],"48":[10,10],"49":[10,0],"50":[20,0],"51":[0,0],"52":[0,0],"53":[0,0],"54":[0,0],"55":[0,0,0],"56":[0,0],"57":[0,0],"58":[0,0],"59":[0,0],"60":[0,0],"61":[0,0],"62":[0,0],"63":[0,0],"64":[20,0],"65":[0,0],"66":[20,4]},"meta":{"lastBranch":67,"lastFunction":52,"lastStatement":197,"seen":{"s:6:23:6:Infinity":0,"f:18:9:18:14":0,"b:18:34:18:45":0,"b:18:59:18:66":1,"s:19:12:19:Infinity":1,"b:21:4:21:Infinity:22:4:22:Infinity:23:4:23:Infinity:24:4:24:Infinity:25:4:25:Infinity:26:4:26:Infinity:27:4:27:Infinity:28:4:28:Infinity:29:4:29:Infinity:30:4:30:Infinity:31:4:31:Infinity:32:4:32:Infinity:33:4:33:Infinity:34:4:34:Infinity":2,"s:20:2:35:Infinity":2,"s:21:21:21:Infinity":3,"s:22:21:22:Infinity":4,"s:23:21:23:Infinity":5,"s:24:21:24:Infinity":6,"s:25:21:25:Infinity":7,"s:26:21:26:Infinity":8,"s:27:21:27:Infinity":9,"s:28:21:28:Infinity":10,"s:29:21:29:Infinity":11,"s:30:21:30:Infinity":12,"s:31:21:31:Infinity":13,"s:32:21:32:Infinity":14,"s:33:21:33:Infinity":15,"s:34:13:34:Infinity":16,"f:39:9:39:25":1,"s:40:2:69:Infinity":17,"f:61:197:61:202":2,"s:61:209:61:354":18,"f:74:9:74:16":3,"s:75:2:109:Infinity":19,"f:114:9:114:14":4,"s:115:2:125:Infinity":20,"s:130:22:130:Infinity":21,"f:131:9:131:20":5,"s:132:2:147:Infinity":22,"f:134:37:134:42":6,"s:135:8:145:Infinity":23,"f:136:61:136:76":7,"s:136:76:136:Infinity":24,"b:140:16:140:Infinity:141:16:141:Infinity":3,"f:152:9:152:20":8,"s:153:2:157:Infinity":25,"s:161:18:165:Infinity":26,"s:167:21:171:Infinity":27,"f:174:9:174:17":9,"b:174:55:174:64":4,"s:175:2:186:Infinity":28,"b:181:12:181:Infinity:182:12:182:Infinity":5,"f:191:9:191:24":10,"s:192:2:209:Infinity":29,"f:196:6:196:18":11,"b:196:26:196:78:undefined:undefined:undefined:undefined":6,"s:196:26:196:78":30,"b:196:30:196:51:196:51:196:66":7,"s:196:66:196:78":31,"f:214:9:214:21":12,"s:215:2:262:Infinity":32,"b:224:74:224:90:224:90:224:116":8,"b:231:76:231:101:231:101:231:108":9,"f:242:10:242:25":13,"s:242:25:242:Infinity":33,"f:252:10:252:25":14,"s:252:25:252:Infinity":34,"f:266:9:266:14":15,"s:267:2:271:Infinity":35,"f:276:9:276:22":16,"s:277:2:287:Infinity":36,"f:292:24:292:43":17,"s:293:8:293:Infinity":37,"s:294:22:294:Infinity":38,"s:295:20:295:Infinity":39,"s:296:19:296:Infinity":40,"s:297:18:297:Infinity":41,"s:298:16:298:Infinity":42,"s:299:20:299:Infinity":43,"s:300:19:300:Infinity":44,"s:301:25:301:Infinity":45,"s:302:27:302:Infinity":46,"s:303:26:303:Infinity":47,"s:304:27:304:Infinity":48,"s:305:22:312:Infinity":49,"s:313:24:313:Infinity":50,"s:316:2:427:Infinity":51,"f:316:2:316:18":18,"s:317:21:424:Infinity":52,"f:317:21:317:33":19,"s:318:6:423:Infinity":53,"s:319:8:319:Infinity":54,"s:320:35:320:Infinity":55,"b:321:8:325:Infinity:undefined:undefined:undefined:undefined":10,"s:321:8:325:Infinity":56,"s:322:10:322:Infinity":57,"s:323:10:323:Infinity":58,"s:324:10:324:Infinity":59,"s:327:8:327:Infinity":60,"b:329:8:332:Infinity:undefined:undefined:undefined:undefined":11,"s:329:8:332:Infinity":61,"s:330:10:330:Infinity":62,"s:331:10:331:Infinity":63,"s:335:8:335:Infinity":64,"s:336:53:340:Infinity":65,"b:342:8:347:Infinity:344:15:347:Infinity":12,"s:342:8:347:Infinity":66,"s:343:10:343:Infinity":67,"b:344:15:347:Infinity:undefined:undefined:undefined:undefined":13,"s:344:15:347:Infinity":68,"s:345:10:345:Infinity":69,"s:346:10:346:Infinity":70,"s:350:8:350:Infinity":71,"s:351:46:355:Infinity":72,"b:358:8:366:Infinity:undefined:undefined:undefined:undefined":14,"s:358:8:366:Infinity":73,"b:358:12:358:28:358:28:358:53":15,"s:359:10:365:Infinity":74,"s:360:30:363:Infinity":75,"s:364:12:364:Infinity":76,"b:364:36:364:45:364:45:364:Infinity":16,"b:368:8:371:Infinity:undefined:undefined:undefined:undefined":17,"s:368:8:371:Infinity":77,"s:369:10:369:Infinity":78,"s:370:10:370:Infinity":79,"s:373:8:373:Infinity":80,"b:373:62:373:86:373:86:373:87":18,"s:374:8:374:Infinity":81,"s:375:8:375:Infinity":82,"b:375:20:375:36:375:36:375:38":19,"s:378:8:378:Infinity":83,"s:379:61:383:Infinity":84,"b:385:8:390:Infinity:387:15:390:Infinity":20,"s:385:8:390:Infinity":85,"s:386:10:386:Infinity":86,"s:388:10:388:Infinity":87,"b:388:64:388:88:388:88:388:89":21,"s:389:10:389:Infinity":88,"b:389:22:389:38:389:38:389:40":22,"s:393:61:397:Infinity":89,"b:399:8:417:Infinity:401:15:417:Infinity":23,"s:399:8:417:Infinity":90,"s:400:10:400:Infinity":91,"b:401:15:417:Infinity:415:15:417:Infinity":24,"s:401:15:417:Infinity":92,"b:401:19:401:35:401:35:401:60":25,"s:402:29:402:Infinity":93,"f:402:42:402:46":20,"s:402:52:402:68":94,"s:403:57:406:Infinity":95,"b:408:10:414:Infinity:410:17:414:Infinity":26,"s:408:10:414:Infinity":96,"s:409:12:409:Infinity":97,"s:411:29:411:Infinity":98,"b:411:29:411:42:411:42:411:Infinity":27,"s:412:12:412:Infinity":99,"s:413:12:413:Infinity":100,"s:416:10:416:Infinity":101,"s:419:8:419:Infinity":102,"s:420:8:420:Infinity":103,"s:422:8:422:Infinity":104,"s:426:4:426:Infinity":105,"s:429:8:436:Infinity":106,"f:429:19:429:Infinity":21,"s:430:4:435:Infinity":107,"f:432:7:432:15":22,"s:432:21:432:38":108,"b:432:21:432:26:432:26:432:38":28,"f:434:7:434:12":23,"s:434:18:434:36":109,"s:438:20:438:Infinity":110,"b:438:20:438:49:438:49:438:Infinity":29,"s:441:23:448:Infinity":111,"f:441:23:441:35":24,"s:442:4:447:Infinity":112,"s:443:6:443:Infinity":113,"s:444:6:444:Infinity":114,"s:446:6:446:Infinity":115,"s:450:8:457:Infinity":116,"f:450:8:450:41":25,"b:451:4:456:Infinity:undefined:undefined:undefined:undefined":30,"s:451:4:456:Infinity":117,"s:452:6:452:Infinity":118,"s:453:6:453:Infinity":119,"s:454:6:454:Infinity":120,"f:454:6:454:23":26,"s:454:23:454:39":121,"s:455:6:455:Infinity":122,"s:459:28:537:Infinity":123,"f:459:28:459:40":27,"b:461:4:464:Infinity:undefined:undefined:undefined:undefined":31,"s:461:4:464:Infinity":124,"b:461:8:461:42:461:42:461:68":32,"s:462:6:462:Infinity":125,"s:463:6:463:Infinity":126,"s:466:4:466:Infinity":127,"s:467:4:536:Infinity":128,"s:468:33:468:Infinity":129,"b:469:6:469:Infinity:undefined:undefined:undefined:undefined":33,"s:469:6:469:Infinity":130,"s:469:17:469:Infinity":131,"s:471:26:477:Infinity":132,"b:479:6:507:Infinity:491:13:507:Infinity":34,"s:479:6:507:Infinity":133,"s:481:8:481:Infinity":134,"s:482:39:485:Infinity":135,"b:487:8:487:Infinity:undefined:undefined:undefined:undefined":35,"s:487:8:487:Infinity":136,"s:487:25:487:Infinity":137,"s:489:8:489:Infinity":138,"s:490:8:490:Infinity":139,"s:493:8:493:Infinity":140,"s:494:42:500:Infinity":141,"b:502:8:502:Infinity:undefined:undefined:undefined:undefined":36,"s:502:8:502:Infinity":142,"s:502:22:502:Infinity":143,"b:503:8:503:Infinity:undefined:undefined:undefined:undefined":37,"s:503:8:503:Infinity":144,"s:503:27:503:Infinity":145,"s:505:8:505:Infinity":146,"s:506:8:506:Infinity":147,"s:510:6:517:Infinity":148,"s:518:6:518:Infinity":149,"s:519:6:519:Infinity":150,"s:522:37:526:Infinity":151,"s:527:6:527:Infinity":152,"b:527:18:527:34:527:34:527:36":38,"s:529:6:529:Infinity":153,"f:529:6:529:23":28,"s:529:23:529:39":154,"s:531:6:531:Infinity":155,"s:532:6:532:Infinity":156,"b:532:15:532:32:532:32:532:60":39,"s:533:6:533:Infinity":157,"f:533:6:533:23":29,"s:533:23:533:39":158,"s:535:6:535:Infinity":159,"s:539:8:551:Infinity":160,"f:539:8:539:29":30,"s:540:4:540:Infinity":161,"s:541:4:548:Infinity":162,"s:549:4:549:Infinity":163,"s:550:4:550:Infinity":164,"s:553:8:564:Infinity":165,"f:553:8:553:33":31,"s:554:4:554:Infinity":166,"s:555:4:555:Infinity":167,"s:556:4:563:Infinity":168,"s:566:16:568:Infinity":169,"s:570:2:929:Infinity":170,"b:583:32:583:51:583:51:583:54":40,"f:595:20:595:35":32,"s:595:35:595:Infinity":171,"b:597:85:597:91:597:91:597:Infinity":41,"b:603:9:603:Infinity:604:10:621:Infinity":42,"b:625:9:625:Infinity:626:10:647:Infinity":43,"b:630:16:638:17:638:16:638:Infinity":44,"f:631:34:631:38":33,"s:632:20:634:Infinity":172,"f:641:16:641:31":34,"s:641:31:641:Infinity":173,"f:653:12:653:27":35,"s:654:14:654:Infinity":174,"s:655:14:655:Infinity":175,"b:659:16:659:Infinity:660:16:660:Infinity":45,"f:665:12:665:27":36,"s:666:14:666:Infinity":176,"s:667:14:667:Infinity":177,"b:671:16:671:Infinity:672:16:672:Infinity":46,"b:679:9:679:Infinity:680:10:715:Infinity":47,"f:693:30:693:45":37,"s:693:45:693:79":178,"b:696:18:698:Infinity:699:18:712:Infinity":48,"f:696:44:696:49":38,"s:697:18:697:Infinity":179,"b:701:20:705:29:705:20:712:Infinity":49,"f:705:29:705:34":39,"s:706:20:711:Infinity":180,"f:709:22:709:38":40,"s:709:38:709:Infinity":181,"f:710:22:710:36":41,"s:710:36:710:Infinity":182,"b:719:9:719:Infinity:720:10:914:Infinity":50,"f:731:16:731:31":42,"b:732:18:745:Infinity:734:25:745:Infinity":51,"s:732:18:745:Infinity":183,"s:733:20:733:Infinity":184,"s:735:20:735:Infinity":185,"s:736:20:736:Infinity":186,"s:737:20:744:Infinity":187,"b:752:35:752:48:752:48:752:Infinity":52,"b:757:13:757:Infinity:758:14:867:Infinity":53,"b:760:38:760:56:760:56:760:Infinity":54,"f:769:22:769:33":43,"s:769:39:769:Infinity":188,"f:781:22:781:33":44,"s:781:39:781:Infinity":189,"f:794:20:794:31":45,"s:794:37:794:Infinity":190,"f:807:20:807:31":46,"s:807:37:807:Infinity":191,"f:821:22:821:33":47,"s:821:39:821:Infinity":192,"f:833:22:833:33":48,"s:833:39:833:Infinity":193,"b:854:30:854:47:854:47:854:81:854:81:854:Infinity":55,"b:863:24:863:Infinity:864:24:864:Infinity":56,"b:863:43:863:60:863:60:863:Infinity":57,"b:864:43:864:63:864:63:864:Infinity":58,"b:872:14:877:25:877:16:912:Infinity":59,"f:873:43:873:48":49,"s:874:18:874:Infinity":194,"b:878:14:883:15:883:14:912:Infinity":60,"f:884:26:884:31":50,"s:885:18:910:Infinity":195,"b:890:26:890:Infinity:891:26:891:Infinity":61,"b:892:55:892:66:892:66:892:Infinity":62,"b:896:21:896:Infinity:897:22:897:Infinity":63,"f:903:22:903:37":51,"s:903:37:903:Infinity":196,"b:919:41:919:86:919:86:919:163":64,"b:919:147:919:154:919:154:919:157":65,"b:921:7:921:Infinity:922:8:927:Infinity":66}}}
,"C:\\Users\\Angela\\Documents\\Comegalletas\\Comegalletas-ProyectoPedagogico\\src\\services\\supabaseClient.js": {"path":"C:\\Users\\Angela\\Documents\\Comegalletas\\Comegalletas-ProyectoPedagogico\\src\\services\\supabaseClient.js","statementMap":{"0":{"start":{"line":3,"column":21},"end":{"line":3,"column":null}},"1":{"start":{"line":4,"column":26},"end":{"line":4,"column":null}},"2":{"start":{"line":6,"column":0},"end":{"line":10,"column":null}},"3":{"start":{"line":7,"column":2},"end":{"line":9,"column":null}},"4":{"start":{"line":12,"column":23},"end":{"line":18,"column":null}}},"fnMap":{},"branchMap":{"0":{"loc":{"start":{"line":6,"column":0},"end":{"line":10,"column":null}},"type":"if","locations":[{"start":{"line":6,"column":0},"end":{"line":10,"column":null}},{"start":{},"end":{}}],"line":6},"1":{"loc":{"start":{"line":6,"column":4},"end":{"line":6,"column":39}},"type":"binary-expr","locations":[{"start":{"line":6,"column":4},"end":{"line":6,"column":17}},{"start":{"line":6,"column":21},"end":{"line":6,"column":39}}],"line":6}},"s":{"0":0,"1":0,"2":0,"3":0,"4":0},"f":{},"b":{"0":[0,0],"1":[0,0]},"meta":{"lastBranch":2,"lastFunction":0,"lastStatement":5,"seen":{"s:3:21:3:Infinity":0,"s:4:26:4:Infinity":1,"b:6:0:10:Infinity:undefined:undefined:undefined:undefined":0,"s:6:0:10:Infinity":2,"b:6:4:6:17:6:21:6:39":1,"s:7:2:9:Infinity":3,"s:12:23:18:Infinity":4}}}
}
